00:07:20:589  INFO 36324 --- [main] com.hmall.pay.PayApplication             : The following 1 profile is active: "dev"
00:07:23:261  INFO 36324 --- [main] o.s.cloud.context.scope.GenericScope     : BeanFactory id=6674be07-f717-3f7c-8a2d-9ee59755033d
00:07:24:008  INFO 36324 --- [main] o.s.b.w.embedded.tomcat.TomcatWebServer  : Tomcat initialized with port(s): 8086 (http)
00:07:24:023  INFO 36324 --- [main] o.apache.catalina.core.StandardService   : Starting service [Tomcat]
00:07:24:023  INFO 36324 --- [main] org.apache.catalina.core.StandardEngine  : Starting Servlet engine: [Apache Tomcat/9.0.75]
00:07:24:286  INFO 36324 --- [main] o.a.c.c.C.[Tomcat].[localhost].[/]       : Initializing Spring embedded WebApplicationContext
00:07:24:286  INFO 36324 --- [main] w.s.c.ServletWebServerApplicationContext : Root WebApplicationContext: initialization completed in 3650 ms
00:07:24:723  INFO 36324 --- [main] o.s.c.openfeign.FeignClientFactoryBean   : For 'user-service' URL not provided. Will try picking an instance via load-balancing.
00:07:24:805  INFO 36324 --- [main] o.s.c.openfeign.FeignClientFactoryBean   : For 'trade-service' URL not provided. Will try picking an instance via load-balancing.
00:07:28:681  INFO 36324 --- [main] c.a.c.sentinel.SentinelWebMvcConfigurer  : [Sentinel Starter] register SentinelWebInterceptor with urlPatterns: [/**].
00:07:30:515  INFO 36324 --- [main] pertySourcedRequestMappingHandlerMapping : Mapped URL path [/v2/api-docs] onto method [springfox.documentation.swagger2.web.Swagger2ControllerWebMvc#getDocumentation(String, HttpServletRequest)]
00:07:32:761  INFO 36324 --- [main] com.alibaba.nacos.common.remote.client   : [RpcClientFactory] create a new rpc client of 5f9af677-8ca5-4ee6-856f-6a5250e8160c
00:07:32:762  INFO 36324 --- [main] com.alibaba.nacos.common.remote.client   : [5f9af677-8ca5-4ee6-856f-6a5250e8160c] RpcClient init label, labels = {module=naming, source=sdk}
00:07:32:766  INFO 36324 --- [main] com.alibaba.nacos.common.remote.client   : [5f9af677-8ca5-4ee6-856f-6a5250e8160c] RpcClient init, ServerListFactory = com.alibaba.nacos.client.naming.core.ServerListManager
00:07:32:767  INFO 36324 --- [main] com.alibaba.nacos.common.remote.client   : [5f9af677-8ca5-4ee6-856f-6a5250e8160c] Registry connection listener to current client:com.alibaba.nacos.client.naming.remote.gprc.redo.NamingGrpcRedoService
00:07:32:768  INFO 36324 --- [main] com.alibaba.nacos.common.remote.client   : [5f9af677-8ca5-4ee6-856f-6a5250e8160c] Register server push request handler:com.alibaba.nacos.client.naming.remote.gprc.NamingPushRequestHandler
00:07:32:769  INFO 36324 --- [main] com.alibaba.nacos.common.remote.client   : [5f9af677-8ca5-4ee6-856f-6a5250e8160c] Try to connect to server on start up, server: {serverIp = '192.168.32.137', server main port = 8848}
00:07:32:912  INFO 36324 --- [main] com.alibaba.nacos.common.remote.client   : [5f9af677-8ca5-4ee6-856f-6a5250e8160c] Success to connect to server [192.168.32.137:8848] on start up, connectionId = 1738893810669_192.168.32.1_42848
00:07:32:912  INFO 36324 --- [main] com.alibaba.nacos.common.remote.client   : [5f9af677-8ca5-4ee6-856f-6a5250e8160c] Register server push request handler:com.alibaba.nacos.common.remote.client.RpcClient$ConnectResetRequestHandler
00:07:32:912  INFO 36324 --- [main] com.alibaba.nacos.common.remote.client   : [5f9af677-8ca5-4ee6-856f-6a5250e8160c] Register server push request handler:com.alibaba.nacos.common.remote.client.RpcClient$$Lambda$470/0x0000000800558040
00:07:32:913  INFO 36324 --- [com.alibaba.nacos.client.remote.worker] com.alibaba.nacos.common.remote.client   : [5f9af677-8ca5-4ee6-856f-6a5250e8160c] Notify connected event to listeners.
00:07:33:008  INFO 36324 --- [main] o.s.b.w.embedded.tomcat.TomcatWebServer  : Tomcat started on port(s): 8086 (http) with context path ''
00:07:33:039  INFO 36324 --- [main] c.a.c.n.registry.NacosServiceRegistry    : nacos registry, DEFAULT_GROUP pay-service 192.168.0.105:8086 register finished
00:07:33:513  INFO 36324 --- [nacos-grpc-client-executor-7] com.alibaba.nacos.common.remote.client   : [5f9af677-8ca5-4ee6-856f-6a5250e8160c] Receive server push request, request = NotifySubscriberRequest, requestId = 43
00:07:33:521  INFO 36324 --- [nacos-grpc-client-executor-7] com.alibaba.nacos.common.remote.client   : [5f9af677-8ca5-4ee6-856f-6a5250e8160c] Ack server push request, request = NotifySubscriberRequest, requestId = 43
00:07:34:933  INFO 36324 --- [main] d.s.w.p.DocumentationPluginsBootstrapper : Documentation plugins bootstrapped
00:07:34:937  INFO 36324 --- [main] d.s.w.p.DocumentationPluginsBootstrapper : Found 1 custom documentation plugin(s)
00:07:34:968  INFO 36324 --- [main] s.d.s.w.s.ApiListingReferenceScanner     : Scanning for api listing references
00:07:35:097  INFO 36324 --- [main] com.hmall.pay.PayApplication             : Started PayApplication in 24.007 seconds (JVM running for 27.1)
00:07:35:105  INFO 36324 --- [main] c.a.c.n.refresh.NacosContextRefresher    : [Nacos Config] Listening config: dataId=pay-service, group=DEFAULT_GROUP
00:07:35:106  INFO 36324 --- [main] c.a.c.n.refresh.NacosContextRefresher    : [Nacos Config] Listening config: dataId=pay-service-dev.yaml, group=DEFAULT_GROUP
00:07:35:107  INFO 36324 --- [main] c.a.c.n.refresh.NacosContextRefresher    : [Nacos Config] Listening config: dataId=pay-service.yaml, group=DEFAULT_GROUP
00:14:50:859  INFO 25816 --- [main] com.hmall.pay.PayApplication             : The following 1 profile is active: "dev"
00:14:53:140  INFO 25816 --- [main] o.s.cloud.context.scope.GenericScope     : BeanFactory id=6674be07-f717-3f7c-8a2d-9ee59755033d
00:14:53:946  INFO 25816 --- [main] o.s.b.w.embedded.tomcat.TomcatWebServer  : Tomcat initialized with port(s): 8086 (http)
00:14:53:965  INFO 25816 --- [main] o.apache.catalina.core.StandardService   : Starting service [Tomcat]
00:14:53:966  INFO 25816 --- [main] org.apache.catalina.core.StandardEngine  : Starting Servlet engine: [Apache Tomcat/9.0.75]
00:14:54:300  INFO 25816 --- [main] o.a.c.c.C.[Tomcat].[localhost].[/]       : Initializing Spring embedded WebApplicationContext
00:14:54:301  INFO 25816 --- [main] w.s.c.ServletWebServerApplicationContext : Root WebApplicationContext: initialization completed in 3383 ms
00:14:54:761  INFO 25816 --- [main] o.s.c.openfeign.FeignClientFactoryBean   : For 'user-service' URL not provided. Will try picking an instance via load-balancing.
00:14:54:849  INFO 25816 --- [main] o.s.c.openfeign.FeignClientFactoryBean   : For 'trade-service' URL not provided. Will try picking an instance via load-balancing.
00:14:58:972  INFO 25816 --- [main] c.a.c.sentinel.SentinelWebMvcConfigurer  : [Sentinel Starter] register SentinelWebInterceptor with urlPatterns: [/**].
00:15:00:920  INFO 25816 --- [main] pertySourcedRequestMappingHandlerMapping : Mapped URL path [/v2/api-docs] onto method [springfox.documentation.swagger2.web.Swagger2ControllerWebMvc#getDocumentation(String, HttpServletRequest)]
00:15:02:711  INFO 25816 --- [main] com.alibaba.nacos.common.remote.client   : [RpcClientFactory] create a new rpc client of 6fca4cad-73aa-4be8-b077-48364da5e6be
00:15:02:711  INFO 25816 --- [main] com.alibaba.nacos.common.remote.client   : [6fca4cad-73aa-4be8-b077-48364da5e6be] RpcClient init label, labels = {module=naming, source=sdk}
00:15:02:715  INFO 25816 --- [main] com.alibaba.nacos.common.remote.client   : [6fca4cad-73aa-4be8-b077-48364da5e6be] RpcClient init, ServerListFactory = com.alibaba.nacos.client.naming.core.ServerListManager
00:15:02:715  INFO 25816 --- [main] com.alibaba.nacos.common.remote.client   : [6fca4cad-73aa-4be8-b077-48364da5e6be] Registry connection listener to current client:com.alibaba.nacos.client.naming.remote.gprc.redo.NamingGrpcRedoService
00:15:02:716  INFO 25816 --- [main] com.alibaba.nacos.common.remote.client   : [6fca4cad-73aa-4be8-b077-48364da5e6be] Register server push request handler:com.alibaba.nacos.client.naming.remote.gprc.NamingPushRequestHandler
00:15:02:718  INFO 25816 --- [main] com.alibaba.nacos.common.remote.client   : [6fca4cad-73aa-4be8-b077-48364da5e6be] Try to connect to server on start up, server: {serverIp = '192.168.32.137', server main port = 8848}
00:15:02:846  INFO 25816 --- [main] com.alibaba.nacos.common.remote.client   : [6fca4cad-73aa-4be8-b077-48364da5e6be] Success to connect to server [192.168.32.137:8848] on start up, connectionId = 1738894298106_192.168.32.1_44088
00:15:02:847  INFO 25816 --- [main] com.alibaba.nacos.common.remote.client   : [6fca4cad-73aa-4be8-b077-48364da5e6be] Register server push request handler:com.alibaba.nacos.common.remote.client.RpcClient$ConnectResetRequestHandler
00:15:02:847  INFO 25816 --- [main] com.alibaba.nacos.common.remote.client   : [6fca4cad-73aa-4be8-b077-48364da5e6be] Register server push request handler:com.alibaba.nacos.common.remote.client.RpcClient$$Lambda$470/0x0000000800560040
00:15:02:847  INFO 25816 --- [com.alibaba.nacos.client.remote.worker] com.alibaba.nacos.common.remote.client   : [6fca4cad-73aa-4be8-b077-48364da5e6be] Notify connected event to listeners.
00:15:02:906  INFO 25816 --- [main] o.s.b.w.embedded.tomcat.TomcatWebServer  : Tomcat started on port(s): 8086 (http) with context path ''
00:15:02:917  INFO 25816 --- [main] c.a.c.n.registry.NacosServiceRegistry    : nacos registry, DEFAULT_GROUP pay-service 192.168.0.105:8086 register finished
00:15:03:380  INFO 25816 --- [nacos-grpc-client-executor-8] com.alibaba.nacos.common.remote.client   : [6fca4cad-73aa-4be8-b077-48364da5e6be] Receive server push request, request = NotifySubscriberRequest, requestId = 56
00:15:03:387  INFO 25816 --- [nacos-grpc-client-executor-8] com.alibaba.nacos.common.remote.client   : [6fca4cad-73aa-4be8-b077-48364da5e6be] Ack server push request, request = NotifySubscriberRequest, requestId = 56
00:15:04:256  INFO 25816 --- [main] d.s.w.p.DocumentationPluginsBootstrapper : Documentation plugins bootstrapped
00:15:04:259  INFO 25816 --- [main] d.s.w.p.DocumentationPluginsBootstrapper : Found 1 custom documentation plugin(s)
00:15:04:284  INFO 25816 --- [main] s.d.s.w.s.ApiListingReferenceScanner     : Scanning for api listing references
00:15:04:406  INFO 25816 --- [main] com.hmall.pay.PayApplication             : Started PayApplication in 25.767 seconds (JVM running for 28.2)
00:15:04:416  INFO 25816 --- [main] c.a.c.n.refresh.NacosContextRefresher    : [Nacos Config] Listening config: dataId=pay-service, group=DEFAULT_GROUP
00:15:04:418  INFO 25816 --- [main] c.a.c.n.refresh.NacosContextRefresher    : [Nacos Config] Listening config: dataId=pay-service-dev.yaml, group=DEFAULT_GROUP
00:15:04:419  INFO 25816 --- [main] c.a.c.n.refresh.NacosContextRefresher    : [Nacos Config] Listening config: dataId=pay-service.yaml, group=DEFAULT_GROUP
00:30:02:063  INFO 36588 --- [main] com.hmall.pay.PayApplication             : The following 1 profile is active: "dev"
00:30:04:349  INFO 36588 --- [main] o.s.cloud.context.scope.GenericScope     : BeanFactory id=6674be07-f717-3f7c-8a2d-9ee59755033d
00:30:05:163  INFO 36588 --- [main] o.s.b.w.embedded.tomcat.TomcatWebServer  : Tomcat initialized with port(s): 8086 (http)
00:30:05:182  INFO 36588 --- [main] o.apache.catalina.core.StandardService   : Starting service [Tomcat]
00:30:05:182  INFO 36588 --- [main] org.apache.catalina.core.StandardEngine  : Starting Servlet engine: [Apache Tomcat/9.0.75]
00:30:05:498  INFO 36588 --- [main] o.a.c.c.C.[Tomcat].[localhost].[/]       : Initializing Spring embedded WebApplicationContext
00:30:05:499  INFO 36588 --- [main] w.s.c.ServletWebServerApplicationContext : Root WebApplicationContext: initialization completed in 3380 ms
00:30:06:031  INFO 36588 --- [main] o.s.c.openfeign.FeignClientFactoryBean   : For 'user-service' URL not provided. Will try picking an instance via load-balancing.
00:30:06:119  INFO 36588 --- [main] o.s.c.openfeign.FeignClientFactoryBean   : For 'trade-service' URL not provided. Will try picking an instance via load-balancing.
00:30:10:311  INFO 36588 --- [main] c.a.c.sentinel.SentinelWebMvcConfigurer  : [Sentinel Starter] register SentinelWebInterceptor with urlPatterns: [/**].
00:30:12:317  INFO 36588 --- [main] pertySourcedRequestMappingHandlerMapping : Mapped URL path [/v2/api-docs] onto method [springfox.documentation.swagger2.web.Swagger2ControllerWebMvc#getDocumentation(String, HttpServletRequest)]
00:30:14:062  INFO 36588 --- [main] com.alibaba.nacos.common.remote.client   : [RpcClientFactory] create a new rpc client of 28aff5ad-88d1-45d6-b475-3472a9600e02
00:30:14:063  INFO 36588 --- [main] com.alibaba.nacos.common.remote.client   : [28aff5ad-88d1-45d6-b475-3472a9600e02] RpcClient init label, labels = {module=naming, source=sdk}
00:30:14:065  INFO 36588 --- [main] com.alibaba.nacos.common.remote.client   : [28aff5ad-88d1-45d6-b475-3472a9600e02] RpcClient init, ServerListFactory = com.alibaba.nacos.client.naming.core.ServerListManager
00:30:14:065  INFO 36588 --- [main] com.alibaba.nacos.common.remote.client   : [28aff5ad-88d1-45d6-b475-3472a9600e02] Registry connection listener to current client:com.alibaba.nacos.client.naming.remote.gprc.redo.NamingGrpcRedoService
00:30:14:066  INFO 36588 --- [main] com.alibaba.nacos.common.remote.client   : [28aff5ad-88d1-45d6-b475-3472a9600e02] Register server push request handler:com.alibaba.nacos.client.naming.remote.gprc.NamingPushRequestHandler
00:30:14:067  INFO 36588 --- [main] com.alibaba.nacos.common.remote.client   : [28aff5ad-88d1-45d6-b475-3472a9600e02] Try to connect to server on start up, server: {serverIp = '192.168.32.137', server main port = 8848}
00:30:14:188  INFO 36588 --- [main] com.alibaba.nacos.common.remote.client   : [28aff5ad-88d1-45d6-b475-3472a9600e02] Success to connect to server [192.168.32.137:8848] on start up, connectionId = 1738895285404_192.168.32.1_46209
00:30:14:188  INFO 36588 --- [main] com.alibaba.nacos.common.remote.client   : [28aff5ad-88d1-45d6-b475-3472a9600e02] Register server push request handler:com.alibaba.nacos.common.remote.client.RpcClient$ConnectResetRequestHandler
00:30:14:188  INFO 36588 --- [main] com.alibaba.nacos.common.remote.client   : [28aff5ad-88d1-45d6-b475-3472a9600e02] Register server push request handler:com.alibaba.nacos.common.remote.client.RpcClient$$Lambda$470/0x0000000800560040
00:30:14:188  INFO 36588 --- [com.alibaba.nacos.client.remote.worker] com.alibaba.nacos.common.remote.client   : [28aff5ad-88d1-45d6-b475-3472a9600e02] Notify connected event to listeners.
00:30:14:248  INFO 36588 --- [main] o.s.b.w.embedded.tomcat.TomcatWebServer  : Tomcat started on port(s): 8086 (http) with context path ''
00:30:14:260  INFO 36588 --- [main] c.a.c.n.registry.NacosServiceRegistry    : nacos registry, DEFAULT_GROUP pay-service 192.168.0.105:8086 register finished
00:30:14:729  INFO 36588 --- [nacos-grpc-client-executor-6] com.alibaba.nacos.common.remote.client   : [28aff5ad-88d1-45d6-b475-3472a9600e02] Receive server push request, request = NotifySubscriberRequest, requestId = 66
00:30:14:737  INFO 36588 --- [nacos-grpc-client-executor-6] com.alibaba.nacos.common.remote.client   : [28aff5ad-88d1-45d6-b475-3472a9600e02] Ack server push request, request = NotifySubscriberRequest, requestId = 66
00:30:15:664  INFO 36588 --- [main] d.s.w.p.DocumentationPluginsBootstrapper : Documentation plugins bootstrapped
00:30:15:668  INFO 36588 --- [main] d.s.w.p.DocumentationPluginsBootstrapper : Found 1 custom documentation plugin(s)
00:30:15:693  INFO 36588 --- [main] s.d.s.w.s.ApiListingReferenceScanner     : Scanning for api listing references
00:30:15:806  INFO 36588 --- [main] com.hmall.pay.PayApplication             : Started PayApplication in 26.983 seconds (JVM running for 29.348)
00:30:15:812  INFO 36588 --- [main] c.a.c.n.refresh.NacosContextRefresher    : [Nacos Config] Listening config: dataId=pay-service, group=DEFAULT_GROUP
00:30:15:814  INFO 36588 --- [main] c.a.c.n.refresh.NacosContextRefresher    : [Nacos Config] Listening config: dataId=pay-service-dev.yaml, group=DEFAULT_GROUP
00:30:15:816  INFO 36588 --- [main] c.a.c.n.refresh.NacosContextRefresher    : [Nacos Config] Listening config: dataId=pay-service.yaml, group=DEFAULT_GROUP
16:53:40:458  INFO 24256 --- [main] com.hmall.pay.PayApplication             : The following 1 profile is active: "dev"
16:53:42:369  INFO 24256 --- [main] o.s.cloud.context.scope.GenericScope     : BeanFactory id=6674be07-f717-3f7c-8a2d-9ee59755033d
16:53:43:061  INFO 24256 --- [main] o.s.b.w.embedded.tomcat.TomcatWebServer  : Tomcat initialized with port(s): 8086 (http)
16:53:43:074  INFO 24256 --- [main] o.apache.catalina.core.StandardService   : Starting service [Tomcat]
16:53:43:075  INFO 24256 --- [main] org.apache.catalina.core.StandardEngine  : Starting Servlet engine: [Apache Tomcat/9.0.75]
16:53:43:340  INFO 24256 --- [main] o.a.c.c.C.[Tomcat].[localhost].[/]       : Initializing Spring embedded WebApplicationContext
16:53:43:340  INFO 24256 --- [main] w.s.c.ServletWebServerApplicationContext : Root WebApplicationContext: initialization completed in 2859 ms
16:53:43:685  INFO 24256 --- [main] o.s.c.openfeign.FeignClientFactoryBean   : For 'user-service' URL not provided. Will try picking an instance via load-balancing.
16:53:43:751  INFO 24256 --- [main] o.s.c.openfeign.FeignClientFactoryBean   : For 'trade-service' URL not provided. Will try picking an instance via load-balancing.
16:53:47:627  INFO 24256 --- [main] c.a.c.sentinel.SentinelWebMvcConfigurer  : [Sentinel Starter] register SentinelWebInterceptor with urlPatterns: [/**].
16:53:49:485  INFO 24256 --- [main] pertySourcedRequestMappingHandlerMapping : Mapped URL path [/v2/api-docs] onto method [springfox.documentation.swagger2.web.Swagger2ControllerWebMvc#getDocumentation(String, HttpServletRequest)]
16:53:51:770  INFO 24256 --- [main] com.alibaba.nacos.common.remote.client   : [RpcClientFactory] create a new rpc client of 44ab42e3-6799-46cc-bc17-82ab82e964f2
16:53:51:770  INFO 24256 --- [main] com.alibaba.nacos.common.remote.client   : [44ab42e3-6799-46cc-bc17-82ab82e964f2] RpcClient init label, labels = {module=naming, source=sdk}
16:53:51:775  INFO 24256 --- [main] com.alibaba.nacos.common.remote.client   : [44ab42e3-6799-46cc-bc17-82ab82e964f2] RpcClient init, ServerListFactory = com.alibaba.nacos.client.naming.core.ServerListManager
16:53:51:776  INFO 24256 --- [main] com.alibaba.nacos.common.remote.client   : [44ab42e3-6799-46cc-bc17-82ab82e964f2] Registry connection listener to current client:com.alibaba.nacos.client.naming.remote.gprc.redo.NamingGrpcRedoService
16:53:51:776  INFO 24256 --- [main] com.alibaba.nacos.common.remote.client   : [44ab42e3-6799-46cc-bc17-82ab82e964f2] Register server push request handler:com.alibaba.nacos.client.naming.remote.gprc.NamingPushRequestHandler
16:53:51:777  INFO 24256 --- [main] com.alibaba.nacos.common.remote.client   : [44ab42e3-6799-46cc-bc17-82ab82e964f2] Try to connect to server on start up, server: {serverIp = '192.168.32.137', server main port = 8848}
16:53:51:903  INFO 24256 --- [main] com.alibaba.nacos.common.remote.client   : [44ab42e3-6799-46cc-bc17-82ab82e964f2] Success to connect to server [192.168.32.137:8848] on start up, connectionId = 1738898408512_192.168.32.1_22263
16:53:51:903  INFO 24256 --- [com.alibaba.nacos.client.remote.worker] com.alibaba.nacos.common.remote.client   : [44ab42e3-6799-46cc-bc17-82ab82e964f2] Notify connected event to listeners.
16:53:51:903  INFO 24256 --- [main] com.alibaba.nacos.common.remote.client   : [44ab42e3-6799-46cc-bc17-82ab82e964f2] Register server push request handler:com.alibaba.nacos.common.remote.client.RpcClient$ConnectResetRequestHandler
16:53:51:905  INFO 24256 --- [main] com.alibaba.nacos.common.remote.client   : [44ab42e3-6799-46cc-bc17-82ab82e964f2] Register server push request handler:com.alibaba.nacos.common.remote.client.RpcClient$$Lambda$470/0x0000000800423040
16:53:51:997  INFO 24256 --- [main] o.s.b.w.embedded.tomcat.TomcatWebServer  : Tomcat started on port(s): 8086 (http) with context path ''
16:53:52:015  INFO 24256 --- [main] c.a.c.n.registry.NacosServiceRegistry    : nacos registry, DEFAULT_GROUP pay-service 192.168.0.105:8086 register finished
16:53:52:478  INFO 24256 --- [nacos-grpc-client-executor-7] com.alibaba.nacos.common.remote.client   : [44ab42e3-6799-46cc-bc17-82ab82e964f2] Receive server push request, request = NotifySubscriberRequest, requestId = 75
16:53:52:486  INFO 24256 --- [nacos-grpc-client-executor-7] com.alibaba.nacos.common.remote.client   : [44ab42e3-6799-46cc-bc17-82ab82e964f2] Ack server push request, request = NotifySubscriberRequest, requestId = 75
16:53:53:687  INFO 24256 --- [main] d.s.w.p.DocumentationPluginsBootstrapper : Documentation plugins bootstrapped
16:53:53:691  INFO 24256 --- [main] d.s.w.p.DocumentationPluginsBootstrapper : Found 1 custom documentation plugin(s)
16:53:53:713  INFO 24256 --- [main] s.d.s.w.s.ApiListingReferenceScanner     : Scanning for api listing references
16:53:53:824  INFO 24256 --- [main] com.hmall.pay.PayApplication             : Started PayApplication in 22.448 seconds (JVM running for 24.967)
16:53:53:832  INFO 24256 --- [main] c.a.c.n.refresh.NacosContextRefresher    : [Nacos Config] Listening config: dataId=pay-service, group=DEFAULT_GROUP
16:53:53:833  INFO 24256 --- [main] c.a.c.n.refresh.NacosContextRefresher    : [Nacos Config] Listening config: dataId=pay-service-dev.yaml, group=DEFAULT_GROUP
16:53:53:833  INFO 24256 --- [main] c.a.c.n.refresh.NacosContextRefresher    : [Nacos Config] Listening config: dataId=pay-service.yaml, group=DEFAULT_GROUP
17:26:51:655  INFO 24256 --- [http-nio-8086-exec-1] o.a.c.c.C.[Tomcat].[localhost].[/]       : Initializing Spring DispatcherServlet 'dispatcherServlet'
17:26:51:663  INFO 24256 --- [http-nio-8086-exec-1] o.s.web.servlet.DispatcherServlet        : Initializing Servlet 'dispatcherServlet'
17:26:51:727  INFO 24256 --- [http-nio-8086-exec-1] o.s.web.servlet.DispatcherServlet        : Completed initialization in 62 ms
17:26:52:454  INFO 24256 --- [http-nio-8086-exec-1] com.zaxxer.hikari.HikariDataSource       : HikariPool-1 - Starting...
17:26:53:092  INFO 24256 --- [http-nio-8086-exec-1] com.zaxxer.hikari.HikariDataSource       : HikariPool-1 - Start completed.
17:26:53:112 DEBUG 24256 --- [http-nio-8086-exec-1] c.h.pay.mapper.PayOrderMapper.selectOne  : ==>  Preparing: SELECT id,biz_order_no,pay_order_no,biz_user_id,pay_channel_code,amount,pay_type,status,expand_json,result_code,result_msg,pay_success_time,pay_over_time,qr_code_url,create_time,update_time,creater,updater,is_delete FROM pay_order WHERE (biz_order_no = ?)
17:26:53:166 DEBUG 24256 --- [http-nio-8086-exec-1] c.h.pay.mapper.PayOrderMapper.selectOne  : ==> Parameters: 1888157533547503618(Long)
17:26:53:224 DEBUG 24256 --- [http-nio-8086-exec-1] c.h.pay.mapper.PayOrderMapper.selectOne  : <==      Total: 0
17:26:53:355 DEBUG 24256 --- [http-nio-8086-exec-1] c.h.pay.mapper.PayOrderMapper.insert     : ==>  Preparing: INSERT INTO pay_order ( id, biz_order_no, pay_order_no, biz_user_id, pay_channel_code, amount, pay_type, status, pay_over_time ) VALUES ( ?, ?, ?, ?, ?, ?, ?, ?, ? )
17:26:53:361 DEBUG 24256 --- [http-nio-8086-exec-1] c.h.pay.mapper.PayOrderMapper.insert     : ==> Parameters: 1888157543718682625(Long), 1888157533547503618(Long), 1888157543676739585(Long), 3(Long), balance(String), 144600(Integer), 5(Integer), 1(Integer), 2025-02-08T19:26:53.335517500(LocalDateTime)
17:26:53:365 DEBUG 24256 --- [http-nio-8086-exec-1] c.h.pay.mapper.PayOrderMapper.insert     : <==    Updates: 1
17:27:15:136 ERROR 24256 --- [http-nio-8086-exec-2] c.h.common.advice.CommonExceptionAdvice  : 自定义异常 -> com.hmall.common.exception.BizIllegalException , 异常原因：抱歉，目前只支持余额支付  
17:27:15:144 DEBUG 24256 --- [http-nio-8086-exec-2] c.h.common.advice.CommonExceptionAdvice  : 

com.hmall.common.exception.BizIllegalException: 抱歉，目前只支持余额支付
	at com.hmall.pay.controller.PayController.applyPayOrder(PayController.java:30) ~[classes/:na]
	at java.base/jdk.internal.reflect.NativeMethodAccessorImpl.invoke0(Native Method) ~[na:na]
	at java.base/jdk.internal.reflect.NativeMethodAccessorImpl.invoke(NativeMethodAccessorImpl.java:62) ~[na:na]
	at java.base/jdk.internal.reflect.DelegatingMethodAccessorImpl.invoke(DelegatingMethodAccessorImpl.java:43) ~[na:na]
	at java.base/java.lang.reflect.Method.invoke(Method.java:566) ~[na:na]
	at org.springframework.web.method.support.InvocableHandlerMethod.doInvoke(InvocableHandlerMethod.java:205) ~[spring-web-5.3.27.jar:5.3.27]
	at org.springframework.web.method.support.InvocableHandlerMethod.invokeForRequest(InvocableHandlerMethod.java:150) ~[spring-web-5.3.27.jar:5.3.27]
	at org.springframework.web.servlet.mvc.method.annotation.ServletInvocableHandlerMethod.invokeAndHandle(ServletInvocableHandlerMethod.java:117) ~[spring-webmvc-5.3.27.jar:5.3.27]
	at org.springframework.web.servlet.mvc.method.annotation.RequestMappingHandlerAdapter.invokeHandlerMethod(RequestMappingHandlerAdapter.java:895) ~[spring-webmvc-5.3.27.jar:5.3.27]
	at org.springframework.web.servlet.mvc.method.annotation.RequestMappingHandlerAdapter.handleInternal(RequestMappingHandlerAdapter.java:808) ~[spring-webmvc-5.3.27.jar:5.3.27]
	at org.springframework.web.servlet.mvc.method.AbstractHandlerMethodAdapter.handle(AbstractHandlerMethodAdapter.java:87) ~[spring-webmvc-5.3.27.jar:5.3.27]
	at org.springframework.web.servlet.DispatcherServlet.doDispatch(DispatcherServlet.java:1072) ~[spring-webmvc-5.3.27.jar:5.3.27]
	at org.springframework.web.servlet.DispatcherServlet.doService(DispatcherServlet.java:965) ~[spring-webmvc-5.3.27.jar:5.3.27]
	at org.springframework.web.servlet.FrameworkServlet.processRequest(FrameworkServlet.java:1006) ~[spring-webmvc-5.3.27.jar:5.3.27]
	at org.springframework.web.servlet.FrameworkServlet.doPost(FrameworkServlet.java:909) ~[spring-webmvc-5.3.27.jar:5.3.27]
	at javax.servlet.http.HttpServlet.service(HttpServlet.java:555) ~[tomcat-embed-core-9.0.75.jar:4.0.FR]
	at org.springframework.web.servlet.FrameworkServlet.service(FrameworkServlet.java:883) ~[spring-webmvc-5.3.27.jar:5.3.27]
	at javax.servlet.http.HttpServlet.service(HttpServlet.java:623) ~[tomcat-embed-core-9.0.75.jar:4.0.FR]
	at org.apache.catalina.core.ApplicationFilterChain.internalDoFilter(ApplicationFilterChain.java:209) ~[tomcat-embed-core-9.0.75.jar:9.0.75]
	at org.apache.catalina.core.ApplicationFilterChain.doFilter(ApplicationFilterChain.java:153) ~[tomcat-embed-core-9.0.75.jar:9.0.75]
	at org.apache.tomcat.websocket.server.WsFilter.doFilter(WsFilter.java:51) ~[tomcat-embed-websocket-9.0.75.jar:9.0.75]
	at org.apache.catalina.core.ApplicationFilterChain.internalDoFilter(ApplicationFilterChain.java:178) ~[tomcat-embed-core-9.0.75.jar:9.0.75]
	at org.apache.catalina.core.ApplicationFilterChain.doFilter(ApplicationFilterChain.java:153) ~[tomcat-embed-core-9.0.75.jar:9.0.75]
	at org.springframework.web.filter.RequestContextFilter.doFilterInternal(RequestContextFilter.java:100) ~[spring-web-5.3.27.jar:5.3.27]
	at org.springframework.web.filter.OncePerRequestFilter.doFilter(OncePerRequestFilter.java:117) ~[spring-web-5.3.27.jar:5.3.27]
	at org.apache.catalina.core.ApplicationFilterChain.internalDoFilter(ApplicationFilterChain.java:178) ~[tomcat-embed-core-9.0.75.jar:9.0.75]
	at org.apache.catalina.core.ApplicationFilterChain.doFilter(ApplicationFilterChain.java:153) ~[tomcat-embed-core-9.0.75.jar:9.0.75]
	at org.springframework.web.filter.FormContentFilter.doFilterInternal(FormContentFilter.java:93) ~[spring-web-5.3.27.jar:5.3.27]
	at org.springframework.web.filter.OncePerRequestFilter.doFilter(OncePerRequestFilter.java:117) ~[spring-web-5.3.27.jar:5.3.27]
	at org.apache.catalina.core.ApplicationFilterChain.internalDoFilter(ApplicationFilterChain.java:178) ~[tomcat-embed-core-9.0.75.jar:9.0.75]
	at org.apache.catalina.core.ApplicationFilterChain.doFilter(ApplicationFilterChain.java:153) ~[tomcat-embed-core-9.0.75.jar:9.0.75]
	at org.springframework.web.filter.CharacterEncodingFilter.doFilterInternal(CharacterEncodingFilter.java:201) ~[spring-web-5.3.27.jar:5.3.27]
	at org.springframework.web.filter.OncePerRequestFilter.doFilter(OncePerRequestFilter.java:117) ~[spring-web-5.3.27.jar:5.3.27]
	at org.apache.catalina.core.ApplicationFilterChain.internalDoFilter(ApplicationFilterChain.java:178) ~[tomcat-embed-core-9.0.75.jar:9.0.75]
	at org.apache.catalina.core.ApplicationFilterChain.doFilter(ApplicationFilterChain.java:153) ~[tomcat-embed-core-9.0.75.jar:9.0.75]
	at org.apache.catalina.core.StandardWrapperValve.invoke(StandardWrapperValve.java:167) ~[tomcat-embed-core-9.0.75.jar:9.0.75]
	at org.apache.catalina.core.StandardContextValve.invoke(StandardContextValve.java:90) ~[tomcat-embed-core-9.0.75.jar:9.0.75]
	at org.apache.catalina.authenticator.AuthenticatorBase.invoke(AuthenticatorBase.java:481) ~[tomcat-embed-core-9.0.75.jar:9.0.75]
	at org.apache.catalina.core.StandardHostValve.invoke(StandardHostValve.java:130) ~[tomcat-embed-core-9.0.75.jar:9.0.75]
	at org.apache.catalina.valves.ErrorReportValve.invoke(ErrorReportValve.java:93) ~[tomcat-embed-core-9.0.75.jar:9.0.75]
	at org.apache.catalina.core.StandardEngineValve.invoke(StandardEngineValve.java:74) ~[tomcat-embed-core-9.0.75.jar:9.0.75]
	at org.apache.catalina.connector.CoyoteAdapter.service(CoyoteAdapter.java:343) ~[tomcat-embed-core-9.0.75.jar:9.0.75]
	at org.apache.coyote.http11.Http11Processor.service(Http11Processor.java:390) ~[tomcat-embed-core-9.0.75.jar:9.0.75]
	at org.apache.coyote.AbstractProcessorLight.process(AbstractProcessorLight.java:63) ~[tomcat-embed-core-9.0.75.jar:9.0.75]
	at org.apache.coyote.AbstractProtocol$ConnectionHandler.process(AbstractProtocol.java:926) ~[tomcat-embed-core-9.0.75.jar:9.0.75]
	at org.apache.tomcat.util.net.NioEndpoint$SocketProcessor.doRun(NioEndpoint.java:1791) ~[tomcat-embed-core-9.0.75.jar:9.0.75]
	at org.apache.tomcat.util.net.SocketProcessorBase.run(SocketProcessorBase.java:52) ~[tomcat-embed-core-9.0.75.jar:9.0.75]
	at org.apache.tomcat.util.threads.ThreadPoolExecutor.runWorker(ThreadPoolExecutor.java:1191) ~[tomcat-embed-core-9.0.75.jar:9.0.75]
	at org.apache.tomcat.util.threads.ThreadPoolExecutor$Worker.run(ThreadPoolExecutor.java:659) ~[tomcat-embed-core-9.0.75.jar:9.0.75]
	at org.apache.tomcat.util.threads.TaskThread$WrappingRunnable.run(TaskThread.java:61) ~[tomcat-embed-core-9.0.75.jar:9.0.75]
	at java.base/java.lang.Thread.run(Thread.java:834) ~[na:na]

17:27:15:216 DEBUG 24256 --- [http-nio-8086-exec-3] c.h.pay.mapper.PayOrderMapper.selectOne  : ==>  Preparing: SELECT id,biz_order_no,pay_order_no,biz_user_id,pay_channel_code,amount,pay_type,status,expand_json,result_code,result_msg,pay_success_time,pay_over_time,qr_code_url,create_time,update_time,creater,updater,is_delete FROM pay_order WHERE (biz_order_no = ?)
17:27:15:216 DEBUG 24256 --- [http-nio-8086-exec-3] c.h.pay.mapper.PayOrderMapper.selectOne  : ==> Parameters: 1888157533547503618(Long)
17:27:15:223 DEBUG 24256 --- [http-nio-8086-exec-3] c.h.pay.mapper.PayOrderMapper.selectOne  : <==      Total: 1
17:27:16:145 DEBUG 24256 --- [http-nio-8086-exec-4] c.h.p.mapper.PayOrderMapper.selectById   : ==>  Preparing: SELECT id,biz_order_no,pay_order_no,biz_user_id,pay_channel_code,amount,pay_type,status,expand_json,result_code,result_msg,pay_success_time,pay_over_time,qr_code_url,create_time,update_time,creater,updater,is_delete FROM pay_order WHERE id=?
17:27:16:145 DEBUG 24256 --- [http-nio-8086-exec-4] c.h.p.mapper.PayOrderMapper.selectById   : ==> Parameters: 1888157543718682625(Long)
17:27:16:147 DEBUG 24256 --- [http-nio-8086-exec-4] c.h.p.mapper.PayOrderMapper.selectById   : <==      Total: 1
17:27:16:157 DEBUG 24256 --- [http-nio-8086-exec-4] com.hmall.api.client.UserClient          : [UserClient#deductMoney] ---> PUT http://user-service/users/money/deduct?pw=123&amount=144600 HTTP/1.1
17:27:16:157 DEBUG 24256 --- [http-nio-8086-exec-4] com.hmall.api.client.UserClient          : [UserClient#deductMoney] user-info: 3
17:27:16:157 DEBUG 24256 --- [http-nio-8086-exec-4] com.hmall.api.client.UserClient          : [UserClient#deductMoney] ---> END HTTP (0-byte body)
17:27:16:420 DEBUG 24256 --- [http-nio-8086-exec-4] com.hmall.api.client.UserClient          : [UserClient#deductMoney] <--- HTTP/1.1 200 (261ms)
17:27:16:420 DEBUG 24256 --- [http-nio-8086-exec-4] com.hmall.api.client.UserClient          : [UserClient#deductMoney] connection: keep-alive
17:27:16:420 DEBUG 24256 --- [http-nio-8086-exec-4] com.hmall.api.client.UserClient          : [UserClient#deductMoney] content-length: 0
17:27:16:420 DEBUG 24256 --- [http-nio-8086-exec-4] com.hmall.api.client.UserClient          : [UserClient#deductMoney] date: Sat, 08 Feb 2025 09:27:16 GMT
17:27:16:420 DEBUG 24256 --- [http-nio-8086-exec-4] com.hmall.api.client.UserClient          : [UserClient#deductMoney] keep-alive: timeout=60
17:27:16:420 DEBUG 24256 --- [http-nio-8086-exec-4] com.hmall.api.client.UserClient          : [UserClient#deductMoney] 
17:27:16:420 DEBUG 24256 --- [http-nio-8086-exec-4] com.hmall.api.client.UserClient          : [UserClient#deductMoney] <--- END HTTP (0-byte body)
17:27:16:430 DEBUG 24256 --- [http-nio-8086-exec-4] c.h.pay.mapper.PayOrderMapper.update     : ==>  Preparing: UPDATE pay_order SET status=?,pay_success_time=? WHERE (id = ? AND status IN (?,?))
17:27:16:433 DEBUG 24256 --- [http-nio-8086-exec-4] c.h.pay.mapper.PayOrderMapper.update     : ==> Parameters: 3(Integer), 2025-02-08T17:27:16.422001200(LocalDateTime), 1888157543718682625(Long), 0(Integer), 1(Integer)
17:27:16:436 DEBUG 24256 --- [http-nio-8086-exec-4] c.h.pay.mapper.PayOrderMapper.update     : <==    Updates: 1
17:27:16:436 DEBUG 24256 --- [http-nio-8086-exec-4] com.hmall.api.client.TradeClient         : [TradeClient#markOrderPaySuccess] ---> PUT http://trade-service/orders/1888157533547503618 HTTP/1.1
17:27:16:436 DEBUG 24256 --- [http-nio-8086-exec-4] com.hmall.api.client.TradeClient         : [TradeClient#markOrderPaySuccess] user-info: 3
17:27:16:436 DEBUG 24256 --- [http-nio-8086-exec-4] com.hmall.api.client.TradeClient         : [TradeClient#markOrderPaySuccess] ---> END HTTP (0-byte body)
17:27:16:494 DEBUG 24256 --- [http-nio-8086-exec-4] com.hmall.api.client.TradeClient         : [TradeClient#markOrderPaySuccess] <--- HTTP/1.1 200 (59ms)
17:27:16:494 DEBUG 24256 --- [http-nio-8086-exec-4] com.hmall.api.client.TradeClient         : [TradeClient#markOrderPaySuccess] connection: keep-alive
17:27:16:494 DEBUG 24256 --- [http-nio-8086-exec-4] com.hmall.api.client.TradeClient         : [TradeClient#markOrderPaySuccess] content-length: 0
17:27:16:494 DEBUG 24256 --- [http-nio-8086-exec-4] com.hmall.api.client.TradeClient         : [TradeClient#markOrderPaySuccess] date: Sat, 08 Feb 2025 09:27:16 GMT
17:27:16:494 DEBUG 24256 --- [http-nio-8086-exec-4] com.hmall.api.client.TradeClient         : [TradeClient#markOrderPaySuccess] keep-alive: timeout=60
17:27:16:494 DEBUG 24256 --- [http-nio-8086-exec-4] com.hmall.api.client.TradeClient         : [TradeClient#markOrderPaySuccess] 
17:27:16:494 DEBUG 24256 --- [http-nio-8086-exec-4] com.hmall.api.client.TradeClient         : [TradeClient#markOrderPaySuccess] <--- END HTTP (0-byte body)
17:27:16:788  INFO 24256 --- [nacos-grpc-client-executor-417] com.alibaba.nacos.common.remote.client   : [44ab42e3-6799-46cc-bc17-82ab82e964f2] Receive server push request, request = NotifySubscriberRequest, requestId = 101
17:27:16:788  INFO 24256 --- [nacos-grpc-client-executor-417] com.alibaba.nacos.common.remote.client   : [44ab42e3-6799-46cc-bc17-82ab82e964f2] Ack server push request, request = NotifySubscriberRequest, requestId = 101
17:27:16:981  INFO 24256 --- [nacos-grpc-client-executor-418] com.alibaba.nacos.common.remote.client   : [44ab42e3-6799-46cc-bc17-82ab82e964f2] Receive server push request, request = NotifySubscriberRequest, requestId = 102
17:27:16:981  INFO 24256 --- [nacos-grpc-client-executor-418] com.alibaba.nacos.common.remote.client   : [44ab42e3-6799-46cc-bc17-82ab82e964f2] Ack server push request, request = NotifySubscriberRequest, requestId = 102
17:28:37:625 DEBUG 24256 --- [http-nio-8086-exec-6] c.h.pay.mapper.PayOrderMapper.selectOne  : ==>  Preparing: SELECT id,biz_order_no,pay_order_no,biz_user_id,pay_channel_code,amount,pay_type,status,expand_json,result_code,result_msg,pay_success_time,pay_over_time,qr_code_url,create_time,update_time,creater,updater,is_delete FROM pay_order WHERE (biz_order_no = ?)
17:28:37:625 DEBUG 24256 --- [http-nio-8086-exec-6] c.h.pay.mapper.PayOrderMapper.selectOne  : ==> Parameters: 1888157979943084033(Long)
17:28:37:627 DEBUG 24256 --- [http-nio-8086-exec-6] c.h.pay.mapper.PayOrderMapper.selectOne  : <==      Total: 0
17:28:37:629 DEBUG 24256 --- [http-nio-8086-exec-6] c.h.pay.mapper.PayOrderMapper.insert     : ==>  Preparing: INSERT INTO pay_order ( id, biz_order_no, pay_order_no, biz_user_id, pay_channel_code, amount, pay_type, status, pay_over_time ) VALUES ( ?, ?, ?, ?, ?, ?, ?, ?, ? )
17:28:37:630 DEBUG 24256 --- [http-nio-8086-exec-6] c.h.pay.mapper.PayOrderMapper.insert     : ==> Parameters: 1888157981088120834(Long), 1888157979943084033(Long), 1888157981088120833(Long), 3(Long), balance(String), 464100(Integer), 5(Integer), 1(Integer), 2025-02-08T19:28:37.628532800(LocalDateTime)
17:28:37:633 DEBUG 24256 --- [http-nio-8086-exec-6] c.h.pay.mapper.PayOrderMapper.insert     : <==    Updates: 1
17:28:41:499 DEBUG 24256 --- [http-nio-8086-exec-7] c.h.p.mapper.PayOrderMapper.selectById   : ==>  Preparing: SELECT id,biz_order_no,pay_order_no,biz_user_id,pay_channel_code,amount,pay_type,status,expand_json,result_code,result_msg,pay_success_time,pay_over_time,qr_code_url,create_time,update_time,creater,updater,is_delete FROM pay_order WHERE id=?
17:28:41:500 DEBUG 24256 --- [http-nio-8086-exec-7] c.h.p.mapper.PayOrderMapper.selectById   : ==> Parameters: 1888157981088120834(Long)
17:28:41:503 DEBUG 24256 --- [http-nio-8086-exec-7] c.h.p.mapper.PayOrderMapper.selectById   : <==      Total: 1
17:28:41:504 DEBUG 24256 --- [http-nio-8086-exec-7] com.hmall.api.client.UserClient          : [UserClient#deductMoney] ---> PUT http://user-service/users/money/deduct?pw=123&amount=464100 HTTP/1.1
17:28:41:504 DEBUG 24256 --- [http-nio-8086-exec-7] com.hmall.api.client.UserClient          : [UserClient#deductMoney] user-info: 3
17:28:41:504 DEBUG 24256 --- [http-nio-8086-exec-7] com.hmall.api.client.UserClient          : [UserClient#deductMoney] ---> END HTTP (0-byte body)
17:28:41:594 DEBUG 24256 --- [http-nio-8086-exec-7] com.hmall.api.client.UserClient          : [UserClient#deductMoney] <--- HTTP/1.1 200 (89ms)
17:28:41:594 DEBUG 24256 --- [http-nio-8086-exec-7] com.hmall.api.client.UserClient          : [UserClient#deductMoney] connection: keep-alive
17:28:41:594 DEBUG 24256 --- [http-nio-8086-exec-7] com.hmall.api.client.UserClient          : [UserClient#deductMoney] content-length: 0
17:28:41:594 DEBUG 24256 --- [http-nio-8086-exec-7] com.hmall.api.client.UserClient          : [UserClient#deductMoney] date: Sat, 08 Feb 2025 09:28:41 GMT
17:28:41:594 DEBUG 24256 --- [http-nio-8086-exec-7] com.hmall.api.client.UserClient          : [UserClient#deductMoney] keep-alive: timeout=60
17:28:41:594 DEBUG 24256 --- [http-nio-8086-exec-7] com.hmall.api.client.UserClient          : [UserClient#deductMoney] 
17:28:41:594 DEBUG 24256 --- [http-nio-8086-exec-7] com.hmall.api.client.UserClient          : [UserClient#deductMoney] <--- END HTTP (0-byte body)
17:28:41:596 DEBUG 24256 --- [http-nio-8086-exec-7] c.h.pay.mapper.PayOrderMapper.update     : ==>  Preparing: UPDATE pay_order SET status=?,pay_success_time=? WHERE (id = ? AND status IN (?,?))
17:28:41:596 DEBUG 24256 --- [http-nio-8086-exec-7] c.h.pay.mapper.PayOrderMapper.update     : ==> Parameters: 3(Integer), 2025-02-08T17:28:41.594472700(LocalDateTime), 1888157981088120834(Long), 0(Integer), 1(Integer)
17:28:41:599 DEBUG 24256 --- [http-nio-8086-exec-7] c.h.pay.mapper.PayOrderMapper.update     : <==    Updates: 1
17:28:41:599 DEBUG 24256 --- [http-nio-8086-exec-7] com.hmall.api.client.TradeClient         : [TradeClient#markOrderPaySuccess] ---> PUT http://trade-service/orders/1888157979943084033 HTTP/1.1
17:28:41:599 DEBUG 24256 --- [http-nio-8086-exec-7] com.hmall.api.client.TradeClient         : [TradeClient#markOrderPaySuccess] user-info: 3
17:28:41:599 DEBUG 24256 --- [http-nio-8086-exec-7] com.hmall.api.client.TradeClient         : [TradeClient#markOrderPaySuccess] ---> END HTTP (0-byte body)
17:28:41:607 DEBUG 24256 --- [http-nio-8086-exec-7] com.hmall.api.client.TradeClient         : [TradeClient#markOrderPaySuccess] <--- HTTP/1.1 200 (8ms)
17:28:41:608 DEBUG 24256 --- [http-nio-8086-exec-7] com.hmall.api.client.TradeClient         : [TradeClient#markOrderPaySuccess] connection: keep-alive
17:28:41:608 DEBUG 24256 --- [http-nio-8086-exec-7] com.hmall.api.client.TradeClient         : [TradeClient#markOrderPaySuccess] content-length: 0
17:28:41:608 DEBUG 24256 --- [http-nio-8086-exec-7] com.hmall.api.client.TradeClient         : [TradeClient#markOrderPaySuccess] date: Sat, 08 Feb 2025 09:28:41 GMT
17:28:41:608 DEBUG 24256 --- [http-nio-8086-exec-7] com.hmall.api.client.TradeClient         : [TradeClient#markOrderPaySuccess] keep-alive: timeout=60
17:28:41:608 DEBUG 24256 --- [http-nio-8086-exec-7] com.hmall.api.client.TradeClient         : [TradeClient#markOrderPaySuccess] 
17:28:41:608 DEBUG 24256 --- [http-nio-8086-exec-7] com.hmall.api.client.TradeClient         : [TradeClient#markOrderPaySuccess] <--- END HTTP (0-byte body)
17:48:29:327  INFO 24020 --- [main] com.hmall.pay.PayApplication             : The following 1 profile is active: "dev"
17:48:31:656  INFO 24020 --- [main] o.s.cloud.context.scope.GenericScope     : BeanFactory id=6674be07-f717-3f7c-8a2d-9ee59755033d
17:48:32:553  INFO 24020 --- [main] o.s.b.w.embedded.tomcat.TomcatWebServer  : Tomcat initialized with port(s): 8086 (http)
17:48:32:578  INFO 24020 --- [main] o.apache.catalina.core.StandardService   : Starting service [Tomcat]
17:48:32:578  INFO 24020 --- [main] org.apache.catalina.core.StandardEngine  : Starting Servlet engine: [Apache Tomcat/9.0.75]
17:48:33:016  INFO 24020 --- [main] o.a.c.c.C.[Tomcat].[localhost].[/]       : Initializing Spring embedded WebApplicationContext
17:48:33:016  INFO 24020 --- [main] w.s.c.ServletWebServerApplicationContext : Root WebApplicationContext: initialization completed in 3648 ms
17:48:33:428  INFO 24020 --- [main] o.s.c.openfeign.FeignClientFactoryBean   : For 'user-service' URL not provided. Will try picking an instance via load-balancing.
17:48:33:512  INFO 24020 --- [main] o.s.c.openfeign.FeignClientFactoryBean   : For 'trade-service' URL not provided. Will try picking an instance via load-balancing.
17:48:38:763  INFO 24020 --- [main] c.a.c.sentinel.SentinelWebMvcConfigurer  : [Sentinel Starter] register SentinelWebInterceptor with urlPatterns: [/**].
17:48:40:836  INFO 24020 --- [main] pertySourcedRequestMappingHandlerMapping : Mapped URL path [/v2/api-docs] onto method [springfox.documentation.swagger2.web.Swagger2ControllerWebMvc#getDocumentation(String, HttpServletRequest)]
17:48:43:046  INFO 24020 --- [main] com.alibaba.nacos.common.remote.client   : [RpcClientFactory] create a new rpc client of bd507cf3-bcc1-47c3-931b-9003c9c57148
17:48:43:046  INFO 24020 --- [main] com.alibaba.nacos.common.remote.client   : [bd507cf3-bcc1-47c3-931b-9003c9c57148] RpcClient init label, labels = {module=naming, source=sdk}
17:48:43:050  INFO 24020 --- [main] com.alibaba.nacos.common.remote.client   : [bd507cf3-bcc1-47c3-931b-9003c9c57148] RpcClient init, ServerListFactory = com.alibaba.nacos.client.naming.core.ServerListManager
17:48:43:050  INFO 24020 --- [main] com.alibaba.nacos.common.remote.client   : [bd507cf3-bcc1-47c3-931b-9003c9c57148] Registry connection listener to current client:com.alibaba.nacos.client.naming.remote.gprc.redo.NamingGrpcRedoService
17:48:43:051  INFO 24020 --- [main] com.alibaba.nacos.common.remote.client   : [bd507cf3-bcc1-47c3-931b-9003c9c57148] Register server push request handler:com.alibaba.nacos.client.naming.remote.gprc.NamingPushRequestHandler
17:48:43:052  INFO 24020 --- [main] com.alibaba.nacos.common.remote.client   : [bd507cf3-bcc1-47c3-931b-9003c9c57148] Try to connect to server on start up, server: {serverIp = '192.168.32.137', server main port = 8848}
17:48:43:173  INFO 24020 --- [main] com.alibaba.nacos.common.remote.client   : [bd507cf3-bcc1-47c3-931b-9003c9c57148] Success to connect to server [192.168.32.137:8848] on start up, connectionId = 1738901974072_192.168.32.1_30906
17:48:43:173  INFO 24020 --- [main] com.alibaba.nacos.common.remote.client   : [bd507cf3-bcc1-47c3-931b-9003c9c57148] Register server push request handler:com.alibaba.nacos.common.remote.client.RpcClient$ConnectResetRequestHandler
17:48:43:173  INFO 24020 --- [main] com.alibaba.nacos.common.remote.client   : [bd507cf3-bcc1-47c3-931b-9003c9c57148] Register server push request handler:com.alibaba.nacos.common.remote.client.RpcClient$$Lambda$470/0x0000000800558040
17:48:43:173  INFO 24020 --- [com.alibaba.nacos.client.remote.worker] com.alibaba.nacos.common.remote.client   : [bd507cf3-bcc1-47c3-931b-9003c9c57148] Notify connected event to listeners.
17:48:43:223  INFO 24020 --- [main] o.s.b.w.embedded.tomcat.TomcatWebServer  : Tomcat started on port(s): 8086 (http) with context path ''
17:48:43:234  INFO 24020 --- [main] c.a.c.n.registry.NacosServiceRegistry    : nacos registry, DEFAULT_GROUP pay-service 192.168.0.105:8086 register finished
17:48:43:707  INFO 24020 --- [nacos-grpc-client-executor-7] com.alibaba.nacos.common.remote.client   : [bd507cf3-bcc1-47c3-931b-9003c9c57148] Receive server push request, request = NotifySubscriberRequest, requestId = 112
17:48:43:712  INFO 24020 --- [nacos-grpc-client-executor-7] com.alibaba.nacos.common.remote.client   : [bd507cf3-bcc1-47c3-931b-9003c9c57148] Ack server push request, request = NotifySubscriberRequest, requestId = 112
17:48:44:684  INFO 24020 --- [main] d.s.w.p.DocumentationPluginsBootstrapper : Documentation plugins bootstrapped
17:48:44:692  INFO 24020 --- [main] d.s.w.p.DocumentationPluginsBootstrapper : Found 1 custom documentation plugin(s)
17:48:44:749  INFO 24020 --- [main] s.d.s.w.s.ApiListingReferenceScanner     : Scanning for api listing references
17:48:44:876  INFO 24020 --- [main] com.hmall.pay.PayApplication             : Started PayApplication in 27.289 seconds (JVM running for 29.543)
17:48:44:884  INFO 24020 --- [main] c.a.c.n.refresh.NacosContextRefresher    : [Nacos Config] Listening config: dataId=pay-service, group=DEFAULT_GROUP
17:48:44:886  INFO 24020 --- [main] c.a.c.n.refresh.NacosContextRefresher    : [Nacos Config] Listening config: dataId=pay-service-dev.yaml, group=DEFAULT_GROUP
17:48:44:887  INFO 24020 --- [main] c.a.c.n.refresh.NacosContextRefresher    : [Nacos Config] Listening config: dataId=pay-service.yaml, group=DEFAULT_GROUP
20:29:26:050  INFO 23724 --- [main] com.hmall.pay.PayApplication             : The following 1 profile is active: "dev"
20:29:28:041  INFO 23724 --- [main] o.s.cloud.context.scope.GenericScope     : BeanFactory id=6674be07-f717-3f7c-8a2d-9ee59755033d
20:29:28:784  INFO 23724 --- [main] o.s.b.w.embedded.tomcat.TomcatWebServer  : Tomcat initialized with port(s): 8086 (http)
20:29:28:803  INFO 23724 --- [main] o.apache.catalina.core.StandardService   : Starting service [Tomcat]
20:29:28:804  INFO 23724 --- [main] org.apache.catalina.core.StandardEngine  : Starting Servlet engine: [Apache Tomcat/9.0.75]
20:29:29:171  INFO 23724 --- [main] o.a.c.c.C.[Tomcat].[localhost].[/]       : Initializing Spring embedded WebApplicationContext
20:29:29:172  INFO 23724 --- [main] w.s.c.ServletWebServerApplicationContext : Root WebApplicationContext: initialization completed in 3084 ms
20:29:29:591  INFO 23724 --- [main] o.s.c.openfeign.FeignClientFactoryBean   : For 'user-service' URL not provided. Will try picking an instance via load-balancing.
20:29:29:684  INFO 23724 --- [main] o.s.c.openfeign.FeignClientFactoryBean   : For 'trade-service' URL not provided. Will try picking an instance via load-balancing.
20:29:34:027  INFO 23724 --- [main] c.a.c.sentinel.SentinelWebMvcConfigurer  : [Sentinel Starter] register SentinelWebInterceptor with urlPatterns: [/**].
20:29:35:754  INFO 23724 --- [main] pertySourcedRequestMappingHandlerMapping : Mapped URL path [/v2/api-docs] onto method [springfox.documentation.swagger2.web.Swagger2ControllerWebMvc#getDocumentation(String, HttpServletRequest)]
20:29:37:289  INFO 23724 --- [main] com.alibaba.nacos.common.remote.client   : [RpcClientFactory] create a new rpc client of b45794fe-3320-43c9-8579-29ea00ab50e3
20:29:37:290  INFO 23724 --- [main] com.alibaba.nacos.common.remote.client   : [b45794fe-3320-43c9-8579-29ea00ab50e3] RpcClient init label, labels = {module=naming, source=sdk}
20:29:37:292  INFO 23724 --- [main] com.alibaba.nacos.common.remote.client   : [b45794fe-3320-43c9-8579-29ea00ab50e3] RpcClient init, ServerListFactory = com.alibaba.nacos.client.naming.core.ServerListManager
20:29:37:293  INFO 23724 --- [main] com.alibaba.nacos.common.remote.client   : [b45794fe-3320-43c9-8579-29ea00ab50e3] Registry connection listener to current client:com.alibaba.nacos.client.naming.remote.gprc.redo.NamingGrpcRedoService
20:29:37:293  INFO 23724 --- [main] com.alibaba.nacos.common.remote.client   : [b45794fe-3320-43c9-8579-29ea00ab50e3] Register server push request handler:com.alibaba.nacos.client.naming.remote.gprc.NamingPushRequestHandler
20:29:37:294  INFO 23724 --- [main] com.alibaba.nacos.common.remote.client   : [b45794fe-3320-43c9-8579-29ea00ab50e3] Try to connect to server on start up, server: {serverIp = '192.168.32.137', server main port = 8848}
20:29:37:415  INFO 23724 --- [main] com.alibaba.nacos.common.remote.client   : [b45794fe-3320-43c9-8579-29ea00ab50e3] Success to connect to server [192.168.32.137:8848] on start up, connectionId = 1738904375982_192.168.32.1_20021
20:29:37:415  INFO 23724 --- [main] com.alibaba.nacos.common.remote.client   : [b45794fe-3320-43c9-8579-29ea00ab50e3] Register server push request handler:com.alibaba.nacos.common.remote.client.RpcClient$ConnectResetRequestHandler
20:29:37:415  INFO 23724 --- [main] com.alibaba.nacos.common.remote.client   : [b45794fe-3320-43c9-8579-29ea00ab50e3] Register server push request handler:com.alibaba.nacos.common.remote.client.RpcClient$$Lambda$470/0x0000000800558040
20:29:37:415  INFO 23724 --- [com.alibaba.nacos.client.remote.worker] com.alibaba.nacos.common.remote.client   : [b45794fe-3320-43c9-8579-29ea00ab50e3] Notify connected event to listeners.
20:29:37:471  INFO 23724 --- [main] o.s.b.w.embedded.tomcat.TomcatWebServer  : Tomcat started on port(s): 8086 (http) with context path ''
20:29:37:482  INFO 23724 --- [main] c.a.c.n.registry.NacosServiceRegistry    : nacos registry, DEFAULT_GROUP pay-service 192.168.0.105:8086 register finished
20:29:37:957  INFO 23724 --- [nacos-grpc-client-executor-7] com.alibaba.nacos.common.remote.client   : [b45794fe-3320-43c9-8579-29ea00ab50e3] Receive server push request, request = NotifySubscriberRequest, requestId = 139
20:29:37:962  INFO 23724 --- [nacos-grpc-client-executor-7] com.alibaba.nacos.common.remote.client   : [b45794fe-3320-43c9-8579-29ea00ab50e3] Ack server push request, request = NotifySubscriberRequest, requestId = 139
20:29:38:550  INFO 23724 --- [main] d.s.w.p.DocumentationPluginsBootstrapper : Documentation plugins bootstrapped
20:29:38:554  INFO 23724 --- [main] d.s.w.p.DocumentationPluginsBootstrapper : Found 1 custom documentation plugin(s)
20:29:38:580  INFO 23724 --- [main] s.d.s.w.s.ApiListingReferenceScanner     : Scanning for api listing references
20:29:38:700  INFO 23724 --- [main] com.hmall.pay.PayApplication             : Started PayApplication in 25.126 seconds (JVM running for 28.216)
20:29:38:709  INFO 23724 --- [main] c.a.c.n.refresh.NacosContextRefresher    : [Nacos Config] Listening config: dataId=pay-service, group=DEFAULT_GROUP
20:29:38:710  INFO 23724 --- [main] c.a.c.n.refresh.NacosContextRefresher    : [Nacos Config] Listening config: dataId=pay-service-dev.yaml, group=DEFAULT_GROUP
20:29:38:711  INFO 23724 --- [main] c.a.c.n.refresh.NacosContextRefresher    : [Nacos Config] Listening config: dataId=pay-service.yaml, group=DEFAULT_GROUP
