00:07:42:438  INFO 38060 --- [main] com.hmall.user.UserApplication           : The following 1 profile is active: "dev"
00:07:43:875  INFO 38060 --- [main] o.s.cloud.context.scope.GenericScope     : BeanFactory id=de1f1157-f1db-37eb-8b85-db30e887b60e
00:07:44:551  INFO 38060 --- [main] o.s.b.w.embedded.tomcat.TomcatWebServer  : Tomcat initialized with port(s): 8084 (http)
00:07:44:564  INFO 38060 --- [main] o.apache.catalina.core.StandardService   : Starting service [Tomcat]
00:07:44:564  INFO 38060 --- [main] org.apache.catalina.core.StandardEngine  : Starting Servlet engine: [Apache Tomcat/9.0.75]
00:07:44:827  INFO 38060 --- [main] o.a.c.c.C.[Tomcat].[localhost].[/]       : Initializing Spring embedded WebApplicationContext
00:07:44:828  INFO 38060 --- [main] w.s.c.ServletWebServerApplicationContext : Root WebApplicationContext: initialization completed in 2351 ms
00:07:49:177  INFO 38060 --- [main] c.a.c.sentinel.SentinelWebMvcConfigurer  : [Sentinel Starter] register SentinelWebInterceptor with urlPatterns: [/**].
00:07:50:628  INFO 38060 --- [main] pertySourcedRequestMappingHandlerMapping : Mapped URL path [/v2/api-docs] onto method [springfox.documentation.swagger2.web.Swagger2ControllerWebMvc#getDocumentation(String, HttpServletRequest)]
00:07:51:997  INFO 38060 --- [main] com.alibaba.nacos.common.remote.client   : [RpcClientFactory] create a new rpc client of a380d1e5-1666-4243-a1f4-d55479f6212f
00:07:51:997  INFO 38060 --- [main] com.alibaba.nacos.common.remote.client   : [a380d1e5-1666-4243-a1f4-d55479f6212f] RpcClient init label, labels = {module=naming, source=sdk}
00:07:52:001  INFO 38060 --- [main] com.alibaba.nacos.common.remote.client   : [a380d1e5-1666-4243-a1f4-d55479f6212f] RpcClient init, ServerListFactory = com.alibaba.nacos.client.naming.core.ServerListManager
00:07:52:001  INFO 38060 --- [main] com.alibaba.nacos.common.remote.client   : [a380d1e5-1666-4243-a1f4-d55479f6212f] Registry connection listener to current client:com.alibaba.nacos.client.naming.remote.gprc.redo.NamingGrpcRedoService
00:07:52:002  INFO 38060 --- [main] com.alibaba.nacos.common.remote.client   : [a380d1e5-1666-4243-a1f4-d55479f6212f] Register server push request handler:com.alibaba.nacos.client.naming.remote.gprc.NamingPushRequestHandler
00:07:52:002  INFO 38060 --- [main] com.alibaba.nacos.common.remote.client   : [a380d1e5-1666-4243-a1f4-d55479f6212f] Try to connect to server on start up, server: {serverIp = '192.168.32.137', server main port = 8848}
00:07:52:127  INFO 38060 --- [main] com.alibaba.nacos.common.remote.client   : [a380d1e5-1666-4243-a1f4-d55479f6212f] Success to connect to server [192.168.32.137:8848] on start up, connectionId = 1738893831494_192.168.32.1_42970
00:07:52:127  INFO 38060 --- [main] com.alibaba.nacos.common.remote.client   : [a380d1e5-1666-4243-a1f4-d55479f6212f] Register server push request handler:com.alibaba.nacos.common.remote.client.RpcClient$ConnectResetRequestHandler
00:07:52:127  INFO 38060 --- [com.alibaba.nacos.client.remote.worker] com.alibaba.nacos.common.remote.client   : [a380d1e5-1666-4243-a1f4-d55479f6212f] Notify connected event to listeners.
00:07:52:127  INFO 38060 --- [main] com.alibaba.nacos.common.remote.client   : [a380d1e5-1666-4243-a1f4-d55479f6212f] Register server push request handler:com.alibaba.nacos.common.remote.client.RpcClient$$Lambda$470/0x0000000800423440
00:07:52:177  INFO 38060 --- [main] o.s.b.w.embedded.tomcat.TomcatWebServer  : Tomcat started on port(s): 8084 (http) with context path ''
00:07:52:189  INFO 38060 --- [main] c.a.c.n.registry.NacosServiceRegistry    : nacos registry, DEFAULT_GROUP user-service 192.168.0.105:8084 register finished
00:07:52:666  INFO 38060 --- [nacos-grpc-client-executor-8] com.alibaba.nacos.common.remote.client   : [a380d1e5-1666-4243-a1f4-d55479f6212f] Receive server push request, request = NotifySubscriberRequest, requestId = 46
00:07:52:670  INFO 38060 --- [nacos-grpc-client-executor-8] com.alibaba.nacos.common.remote.client   : [a380d1e5-1666-4243-a1f4-d55479f6212f] Ack server push request, request = NotifySubscriberRequest, requestId = 46
00:07:53:253  INFO 38060 --- [main] d.s.w.p.DocumentationPluginsBootstrapper : Documentation plugins bootstrapped
00:07:53:256  INFO 38060 --- [main] d.s.w.p.DocumentationPluginsBootstrapper : Found 1 custom documentation plugin(s)
00:07:53:280  INFO 38060 --- [main] s.d.s.w.s.ApiListingReferenceScanner     : Scanning for api listing references
00:07:53:397  INFO 38060 --- [main] com.hmall.user.UserApplication           : Started UserApplication in 19.143 seconds (JVM running for 22.042)
00:07:53:404  INFO 38060 --- [main] c.a.c.n.refresh.NacosContextRefresher    : [Nacos Config] Listening config: dataId=user-service.yaml, group=DEFAULT_GROUP
00:07:53:405  INFO 38060 --- [main] c.a.c.n.refresh.NacosContextRefresher    : [Nacos Config] Listening config: dataId=user-service-dev.yaml, group=DEFAULT_GROUP
00:07:53:406  INFO 38060 --- [main] c.a.c.n.refresh.NacosContextRefresher    : [Nacos Config] Listening config: dataId=user-service, group=DEFAULT_GROUP
00:15:01:072  INFO 36840 --- [main] com.hmall.user.UserApplication           : The following 1 profile is active: "dev"
00:15:02:788  INFO 36840 --- [main] o.s.cloud.context.scope.GenericScope     : BeanFactory id=de1f1157-f1db-37eb-8b85-db30e887b60e
00:15:03:594  INFO 36840 --- [main] o.s.b.w.embedded.tomcat.TomcatWebServer  : Tomcat initialized with port(s): 8084 (http)
00:15:03:609  INFO 36840 --- [main] o.apache.catalina.core.StandardService   : Starting service [Tomcat]
00:15:03:610  INFO 36840 --- [main] org.apache.catalina.core.StandardEngine  : Starting Servlet engine: [Apache Tomcat/9.0.75]
00:15:03:883  INFO 36840 --- [main] o.a.c.c.C.[Tomcat].[localhost].[/]       : Initializing Spring embedded WebApplicationContext
00:15:03:883  INFO 36840 --- [main] w.s.c.ServletWebServerApplicationContext : Root WebApplicationContext: initialization completed in 2783 ms
00:15:08:733  INFO 36840 --- [main] c.a.c.sentinel.SentinelWebMvcConfigurer  : [Sentinel Starter] register SentinelWebInterceptor with urlPatterns: [/**].
00:15:10:497  INFO 36840 --- [main] pertySourcedRequestMappingHandlerMapping : Mapped URL path [/v2/api-docs] onto method [springfox.documentation.swagger2.web.Swagger2ControllerWebMvc#getDocumentation(String, HttpServletRequest)]
00:15:12:100  INFO 36840 --- [main] com.alibaba.nacos.common.remote.client   : [RpcClientFactory] create a new rpc client of 2c9d8742-b15d-4814-b5d4-84df73062638
00:15:12:101  INFO 36840 --- [main] com.alibaba.nacos.common.remote.client   : [2c9d8742-b15d-4814-b5d4-84df73062638] RpcClient init label, labels = {module=naming, source=sdk}
00:15:12:105  INFO 36840 --- [main] com.alibaba.nacos.common.remote.client   : [2c9d8742-b15d-4814-b5d4-84df73062638] RpcClient init, ServerListFactory = com.alibaba.nacos.client.naming.core.ServerListManager
00:15:12:106  INFO 36840 --- [main] com.alibaba.nacos.common.remote.client   : [2c9d8742-b15d-4814-b5d4-84df73062638] Registry connection listener to current client:com.alibaba.nacos.client.naming.remote.gprc.redo.NamingGrpcRedoService
00:15:12:106  INFO 36840 --- [main] com.alibaba.nacos.common.remote.client   : [2c9d8742-b15d-4814-b5d4-84df73062638] Register server push request handler:com.alibaba.nacos.client.naming.remote.gprc.NamingPushRequestHandler
00:15:12:107  INFO 36840 --- [main] com.alibaba.nacos.common.remote.client   : [2c9d8742-b15d-4814-b5d4-84df73062638] Try to connect to server on start up, server: {serverIp = '192.168.32.137', server main port = 8848}
00:15:12:230  INFO 36840 --- [main] com.alibaba.nacos.common.remote.client   : [2c9d8742-b15d-4814-b5d4-84df73062638] Success to connect to server [192.168.32.137:8848] on start up, connectionId = 1738894308277_192.168.32.1_44112
00:15:12:230  INFO 36840 --- [main] com.alibaba.nacos.common.remote.client   : [2c9d8742-b15d-4814-b5d4-84df73062638] Register server push request handler:com.alibaba.nacos.common.remote.client.RpcClient$ConnectResetRequestHandler
00:15:12:230  INFO 36840 --- [main] com.alibaba.nacos.common.remote.client   : [2c9d8742-b15d-4814-b5d4-84df73062638] Register server push request handler:com.alibaba.nacos.common.remote.client.RpcClient$$Lambda$470/0x0000000800558040
00:15:12:230  INFO 36840 --- [com.alibaba.nacos.client.remote.worker] com.alibaba.nacos.common.remote.client   : [2c9d8742-b15d-4814-b5d4-84df73062638] Notify connected event to listeners.
00:15:12:283  INFO 36840 --- [main] o.s.b.w.embedded.tomcat.TomcatWebServer  : Tomcat started on port(s): 8084 (http) with context path ''
00:15:12:295  INFO 36840 --- [main] c.a.c.n.registry.NacosServiceRegistry    : nacos registry, DEFAULT_GROUP user-service 192.168.0.105:8084 register finished
00:15:12:762  INFO 36840 --- [nacos-grpc-client-executor-6] com.alibaba.nacos.common.remote.client   : [2c9d8742-b15d-4814-b5d4-84df73062638] Receive server push request, request = NotifySubscriberRequest, requestId = 58
00:15:12:768  INFO 36840 --- [nacos-grpc-client-executor-6] com.alibaba.nacos.common.remote.client   : [2c9d8742-b15d-4814-b5d4-84df73062638] Ack server push request, request = NotifySubscriberRequest, requestId = 58
00:15:13:429  INFO 36840 --- [main] d.s.w.p.DocumentationPluginsBootstrapper : Documentation plugins bootstrapped
00:15:13:433  INFO 36840 --- [main] d.s.w.p.DocumentationPluginsBootstrapper : Found 1 custom documentation plugin(s)
00:15:13:455  INFO 36840 --- [main] s.d.s.w.s.ApiListingReferenceScanner     : Scanning for api listing references
00:15:13:573  INFO 36840 --- [main] com.hmall.user.UserApplication           : Started UserApplication in 22.137 seconds (JVM running for 25.201)
00:15:13:581  INFO 36840 --- [main] c.a.c.n.refresh.NacosContextRefresher    : [Nacos Config] Listening config: dataId=user-service.yaml, group=DEFAULT_GROUP
00:15:13:582  INFO 36840 --- [main] c.a.c.n.refresh.NacosContextRefresher    : [Nacos Config] Listening config: dataId=user-service-dev.yaml, group=DEFAULT_GROUP
00:15:13:582  INFO 36840 --- [main] c.a.c.n.refresh.NacosContextRefresher    : [Nacos Config] Listening config: dataId=user-service, group=DEFAULT_GROUP
00:30:12:390  INFO 32772 --- [main] com.hmall.user.UserApplication           : The following 1 profile is active: "dev"
00:30:14:113  INFO 32772 --- [main] o.s.cloud.context.scope.GenericScope     : BeanFactory id=de1f1157-f1db-37eb-8b85-db30e887b60e
00:30:14:930  INFO 32772 --- [main] o.s.b.w.embedded.tomcat.TomcatWebServer  : Tomcat initialized with port(s): 8084 (http)
00:30:14:948  INFO 32772 --- [main] o.apache.catalina.core.StandardService   : Starting service [Tomcat]
00:30:14:949  INFO 32772 --- [main] org.apache.catalina.core.StandardEngine  : Starting Servlet engine: [Apache Tomcat/9.0.75]
00:30:15:238  INFO 32772 --- [main] o.a.c.c.C.[Tomcat].[localhost].[/]       : Initializing Spring embedded WebApplicationContext
00:30:15:238  INFO 32772 --- [main] w.s.c.ServletWebServerApplicationContext : Root WebApplicationContext: initialization completed in 2816 ms
00:30:19:624  INFO 32772 --- [main] c.a.c.sentinel.SentinelWebMvcConfigurer  : [Sentinel Starter] register SentinelWebInterceptor with urlPatterns: [/**].
00:30:21:354  INFO 32772 --- [main] pertySourcedRequestMappingHandlerMapping : Mapped URL path [/v2/api-docs] onto method [springfox.documentation.swagger2.web.Swagger2ControllerWebMvc#getDocumentation(String, HttpServletRequest)]
00:30:22:980  INFO 32772 --- [main] com.alibaba.nacos.common.remote.client   : [RpcClientFactory] create a new rpc client of e6876faa-be27-4752-987b-301e74413dde
00:30:22:981  INFO 32772 --- [main] com.alibaba.nacos.common.remote.client   : [e6876faa-be27-4752-987b-301e74413dde] RpcClient init label, labels = {module=naming, source=sdk}
00:30:22:984  INFO 32772 --- [main] com.alibaba.nacos.common.remote.client   : [e6876faa-be27-4752-987b-301e74413dde] RpcClient init, ServerListFactory = com.alibaba.nacos.client.naming.core.ServerListManager
00:30:22:985  INFO 32772 --- [main] com.alibaba.nacos.common.remote.client   : [e6876faa-be27-4752-987b-301e74413dde] Registry connection listener to current client:com.alibaba.nacos.client.naming.remote.gprc.redo.NamingGrpcRedoService
00:30:22:985  INFO 32772 --- [main] com.alibaba.nacos.common.remote.client   : [e6876faa-be27-4752-987b-301e74413dde] Register server push request handler:com.alibaba.nacos.client.naming.remote.gprc.NamingPushRequestHandler
00:30:22:986  INFO 32772 --- [main] com.alibaba.nacos.common.remote.client   : [e6876faa-be27-4752-987b-301e74413dde] Try to connect to server on start up, server: {serverIp = '192.168.32.137', server main port = 8848}
00:30:23:110  INFO 32772 --- [main] com.alibaba.nacos.common.remote.client   : [e6876faa-be27-4752-987b-301e74413dde] Success to connect to server [192.168.32.137:8848] on start up, connectionId = 1738895295069_192.168.32.1_46232
00:30:23:110  INFO 32772 --- [main] com.alibaba.nacos.common.remote.client   : [e6876faa-be27-4752-987b-301e74413dde] Register server push request handler:com.alibaba.nacos.common.remote.client.RpcClient$ConnectResetRequestHandler
00:30:23:110  INFO 32772 --- [main] com.alibaba.nacos.common.remote.client   : [e6876faa-be27-4752-987b-301e74413dde] Register server push request handler:com.alibaba.nacos.common.remote.client.RpcClient$$Lambda$470/0x0000000800558040
00:30:23:110  INFO 32772 --- [com.alibaba.nacos.client.remote.worker] com.alibaba.nacos.common.remote.client   : [e6876faa-be27-4752-987b-301e74413dde] Notify connected event to listeners.
00:30:23:162  INFO 32772 --- [main] o.s.b.w.embedded.tomcat.TomcatWebServer  : Tomcat started on port(s): 8084 (http) with context path ''
00:30:23:174  INFO 32772 --- [main] c.a.c.n.registry.NacosServiceRegistry    : nacos registry, DEFAULT_GROUP user-service 192.168.0.105:8084 register finished
00:30:23:623  INFO 32772 --- [nacos-grpc-client-executor-6] com.alibaba.nacos.common.remote.client   : [e6876faa-be27-4752-987b-301e74413dde] Receive server push request, request = NotifySubscriberRequest, requestId = 68
00:30:23:626  INFO 32772 --- [nacos-grpc-client-executor-6] com.alibaba.nacos.common.remote.client   : [e6876faa-be27-4752-987b-301e74413dde] Ack server push request, request = NotifySubscriberRequest, requestId = 68
00:30:24:234  INFO 32772 --- [main] d.s.w.p.DocumentationPluginsBootstrapper : Documentation plugins bootstrapped
00:30:24:237  INFO 32772 --- [main] d.s.w.p.DocumentationPluginsBootstrapper : Found 1 custom documentation plugin(s)
00:30:24:258  INFO 32772 --- [main] s.d.s.w.s.ApiListingReferenceScanner     : Scanning for api listing references
00:30:24:367  INFO 32772 --- [main] com.hmall.user.UserApplication           : Started UserApplication in 21.786 seconds (JVM running for 25.674)
00:30:24:374  INFO 32772 --- [main] c.a.c.n.refresh.NacosContextRefresher    : [Nacos Config] Listening config: dataId=user-service.yaml, group=DEFAULT_GROUP
00:30:24:375  INFO 32772 --- [main] c.a.c.n.refresh.NacosContextRefresher    : [Nacos Config] Listening config: dataId=user-service-dev.yaml, group=DEFAULT_GROUP
00:30:24:376  INFO 32772 --- [main] c.a.c.n.refresh.NacosContextRefresher    : [Nacos Config] Listening config: dataId=user-service, group=DEFAULT_GROUP
16:54:00:984  INFO 25504 --- [main] com.hmall.user.UserApplication           : The following 1 profile is active: "dev"
16:54:02:265  INFO 25504 --- [main] o.s.cloud.context.scope.GenericScope     : BeanFactory id=de1f1157-f1db-37eb-8b85-db30e887b60e
16:54:02:812  INFO 25504 --- [main] o.s.b.w.embedded.tomcat.TomcatWebServer  : Tomcat initialized with port(s): 8084 (http)
16:54:02:824  INFO 25504 --- [main] o.apache.catalina.core.StandardService   : Starting service [Tomcat]
16:54:02:824  INFO 25504 --- [main] org.apache.catalina.core.StandardEngine  : Starting Servlet engine: [Apache Tomcat/9.0.75]
16:54:03:048  INFO 25504 --- [main] o.a.c.c.C.[Tomcat].[localhost].[/]       : Initializing Spring embedded WebApplicationContext
16:54:03:048  INFO 25504 --- [main] w.s.c.ServletWebServerApplicationContext : Root WebApplicationContext: initialization completed in 2046 ms
16:54:07:065  INFO 25504 --- [main] c.a.c.sentinel.SentinelWebMvcConfigurer  : [Sentinel Starter] register SentinelWebInterceptor with urlPatterns: [/**].
16:54:08:344  INFO 25504 --- [main] pertySourcedRequestMappingHandlerMapping : Mapped URL path [/v2/api-docs] onto method [springfox.documentation.swagger2.web.Swagger2ControllerWebMvc#getDocumentation(String, HttpServletRequest)]
16:54:09:715  INFO 25504 --- [main] com.alibaba.nacos.common.remote.client   : [RpcClientFactory] create a new rpc client of c17d66f9-0e0e-41e4-a26f-fc139139fede
16:54:09:716  INFO 25504 --- [main] com.alibaba.nacos.common.remote.client   : [c17d66f9-0e0e-41e4-a26f-fc139139fede] RpcClient init label, labels = {module=naming, source=sdk}
16:54:09:718  INFO 25504 --- [main] com.alibaba.nacos.common.remote.client   : [c17d66f9-0e0e-41e4-a26f-fc139139fede] RpcClient init, ServerListFactory = com.alibaba.nacos.client.naming.core.ServerListManager
16:54:09:718  INFO 25504 --- [main] com.alibaba.nacos.common.remote.client   : [c17d66f9-0e0e-41e4-a26f-fc139139fede] Registry connection listener to current client:com.alibaba.nacos.client.naming.remote.gprc.redo.NamingGrpcRedoService
16:54:09:719  INFO 25504 --- [main] com.alibaba.nacos.common.remote.client   : [c17d66f9-0e0e-41e4-a26f-fc139139fede] Register server push request handler:com.alibaba.nacos.client.naming.remote.gprc.NamingPushRequestHandler
16:54:09:719  INFO 25504 --- [main] com.alibaba.nacos.common.remote.client   : [c17d66f9-0e0e-41e4-a26f-fc139139fede] Try to connect to server on start up, server: {serverIp = '192.168.32.137', server main port = 8848}
16:54:09:838  INFO 25504 --- [main] com.alibaba.nacos.common.remote.client   : [c17d66f9-0e0e-41e4-a26f-fc139139fede] Success to connect to server [192.168.32.137:8848] on start up, connectionId = 1738898427944_192.168.32.1_22390
16:54:09:838  INFO 25504 --- [main] com.alibaba.nacos.common.remote.client   : [c17d66f9-0e0e-41e4-a26f-fc139139fede] Register server push request handler:com.alibaba.nacos.common.remote.client.RpcClient$ConnectResetRequestHandler
16:54:09:838  INFO 25504 --- [com.alibaba.nacos.client.remote.worker] com.alibaba.nacos.common.remote.client   : [c17d66f9-0e0e-41e4-a26f-fc139139fede] Notify connected event to listeners.
16:54:09:839  INFO 25504 --- [main] com.alibaba.nacos.common.remote.client   : [c17d66f9-0e0e-41e4-a26f-fc139139fede] Register server push request handler:com.alibaba.nacos.common.remote.client.RpcClient$$Lambda$470/0x0000000800423040
16:54:09:884  INFO 25504 --- [main] o.s.b.w.embedded.tomcat.TomcatWebServer  : Tomcat started on port(s): 8084 (http) with context path ''
16:54:09:893  INFO 25504 --- [main] c.a.c.n.registry.NacosServiceRegistry    : nacos registry, DEFAULT_GROUP user-service 192.168.0.105:8084 register finished
16:54:10:402  INFO 25504 --- [nacos-grpc-client-executor-6] com.alibaba.nacos.common.remote.client   : [c17d66f9-0e0e-41e4-a26f-fc139139fede] Receive server push request, request = NotifySubscriberRequest, requestId = 78
16:54:10:406  INFO 25504 --- [nacos-grpc-client-executor-6] com.alibaba.nacos.common.remote.client   : [c17d66f9-0e0e-41e4-a26f-fc139139fede] Ack server push request, request = NotifySubscriberRequest, requestId = 78
16:54:10:836  INFO 25504 --- [main] d.s.w.p.DocumentationPluginsBootstrapper : Documentation plugins bootstrapped
16:54:10:839  INFO 25504 --- [main] d.s.w.p.DocumentationPluginsBootstrapper : Found 1 custom documentation plugin(s)
16:54:10:859  INFO 25504 --- [main] s.d.s.w.s.ApiListingReferenceScanner     : Scanning for api listing references
16:54:10:955  INFO 25504 --- [main] com.hmall.user.UserApplication           : Started UserApplication in 17.76 seconds (JVM running for 20.216)
16:54:10:961  INFO 25504 --- [main] c.a.c.n.refresh.NacosContextRefresher    : [Nacos Config] Listening config: dataId=user-service.yaml, group=DEFAULT_GROUP
16:54:10:962  INFO 25504 --- [main] c.a.c.n.refresh.NacosContextRefresher    : [Nacos Config] Listening config: dataId=user-service-dev.yaml, group=DEFAULT_GROUP
16:54:10:963  INFO 25504 --- [main] c.a.c.n.refresh.NacosContextRefresher    : [Nacos Config] Listening config: dataId=user-service, group=DEFAULT_GROUP
17:26:17:348  INFO 25504 --- [http-nio-8084-exec-1] o.a.c.c.C.[Tomcat].[localhost].[/]       : Initializing Spring DispatcherServlet 'dispatcherServlet'
17:26:17:352  INFO 25504 --- [http-nio-8084-exec-1] o.s.web.servlet.DispatcherServlet        : Initializing Servlet 'dispatcherServlet'
17:26:17:386  INFO 25504 --- [http-nio-8084-exec-1] o.s.web.servlet.DispatcherServlet        : Completed initialization in 34 ms
17:26:18:103  INFO 25504 --- [http-nio-8084-exec-2] com.zaxxer.hikari.HikariDataSource       : HikariPool-1 - Starting...
17:26:18:615  INFO 25504 --- [http-nio-8084-exec-2] com.zaxxer.hikari.HikariDataSource       : HikariPool-1 - Start completed.
17:26:18:626 DEBUG 25504 --- [http-nio-8084-exec-2] c.h.user.mapper.UserMapper.selectOne     : ==>  Preparing: SELECT id,username,password,phone,create_time,update_time,status,balance FROM user WHERE (username = ?)
17:26:18:652 DEBUG 25504 --- [http-nio-8084-exec-1] c.h.user.mapper.UserMapper.selectOne     : ==>  Preparing: SELECT id,username,password,phone,create_time,update_time,status,balance FROM user WHERE (username = ?)
17:26:18:661 DEBUG 25504 --- [http-nio-8084-exec-2] c.h.user.mapper.UserMapper.selectOne     : ==> Parameters: Hope(String)
17:26:18:661 DEBUG 25504 --- [http-nio-8084-exec-1] c.h.user.mapper.UserMapper.selectOne     : ==> Parameters: Hope(String)
17:26:18:700 DEBUG 25504 --- [http-nio-8084-exec-1] c.h.user.mapper.UserMapper.selectOne     : <==      Total: 1
17:26:18:701 DEBUG 25504 --- [http-nio-8084-exec-2] c.h.user.mapper.UserMapper.selectOne     : <==      Total: 1
17:26:19:021 DEBUG 25504 --- [http-nio-8084-exec-3] c.h.user.mapper.UserMapper.selectOne     : ==>  Preparing: SELECT id,username,password,phone,create_time,update_time,status,balance FROM user WHERE (username = ?)
17:26:19:022 DEBUG 25504 --- [http-nio-8084-exec-3] c.h.user.mapper.UserMapper.selectOne     : ==> Parameters: Hope(String)
17:26:19:024 DEBUG 25504 --- [http-nio-8084-exec-3] c.h.user.mapper.UserMapper.selectOne     : <==      Total: 1
17:26:22:973 DEBUG 25504 --- [http-nio-8084-exec-4] c.h.u.mapper.AddressMapper.selectList    : ==>  Preparing: SELECT id,user_id,province,city,town,mobile,street,contact,is_default,notes FROM address WHERE (user_id = ?)
17:26:22:974 DEBUG 25504 --- [http-nio-8084-exec-4] c.h.u.mapper.AddressMapper.selectList    : ==> Parameters: 3(Long)
17:26:22:976 DEBUG 25504 --- [http-nio-8084-exec-4] c.h.u.mapper.AddressMapper.selectList    : <==      Total: 0
17:27:16:329  INFO 25504 --- [http-nio-8084-exec-5] c.h.user.service.impl.UserServiceImpl    : 开始扣款
17:27:16:330 DEBUG 25504 --- [http-nio-8084-exec-5] c.h.user.mapper.UserMapper.selectById    : ==>  Preparing: SELECT id,username,password,phone,create_time,update_time,status,balance FROM user WHERE id=?
17:27:16:330 DEBUG 25504 --- [http-nio-8084-exec-5] c.h.user.mapper.UserMapper.selectById    : ==> Parameters: 3(Long)
17:27:16:333 DEBUG 25504 --- [http-nio-8084-exec-5] c.h.user.mapper.UserMapper.selectById    : <==      Total: 1
17:27:16:408 DEBUG 25504 --- [http-nio-8084-exec-5] c.h.user.mapper.UserMapper.updateMoney   : ==>  Preparing: update user set balance = balance - 144600 where id = ?
17:27:16:408 DEBUG 25504 --- [http-nio-8084-exec-5] c.h.user.mapper.UserMapper.updateMoney   : ==> Parameters: 3(Long)
17:27:16:412 DEBUG 25504 --- [http-nio-8084-exec-5] c.h.user.mapper.UserMapper.updateMoney   : <==    Updates: 1
17:27:16:412  INFO 25504 --- [http-nio-8084-exec-5] c.h.user.service.impl.UserServiceImpl    : 扣款成功
17:28:33:984 DEBUG 25504 --- [http-nio-8084-exec-8] c.h.u.mapper.AddressMapper.selectList    : ==>  Preparing: SELECT id,user_id,province,city,town,mobile,street,contact,is_default,notes FROM address WHERE (user_id = ?)
17:28:33:985 DEBUG 25504 --- [http-nio-8084-exec-8] c.h.u.mapper.AddressMapper.selectList    : ==> Parameters: 3(Long)
17:28:33:988 DEBUG 25504 --- [http-nio-8084-exec-8] c.h.u.mapper.AddressMapper.selectList    : <==      Total: 0
17:28:41:511  INFO 25504 --- [http-nio-8084-exec-9] c.h.user.service.impl.UserServiceImpl    : 开始扣款
17:28:41:512 DEBUG 25504 --- [http-nio-8084-exec-9] c.h.user.mapper.UserMapper.selectById    : ==>  Preparing: SELECT id,username,password,phone,create_time,update_time,status,balance FROM user WHERE id=?
17:28:41:513 DEBUG 25504 --- [http-nio-8084-exec-9] c.h.user.mapper.UserMapper.selectById    : ==> Parameters: 3(Long)
17:28:41:514 DEBUG 25504 --- [http-nio-8084-exec-9] c.h.user.mapper.UserMapper.selectById    : <==      Total: 1
17:28:41:589 DEBUG 25504 --- [http-nio-8084-exec-9] c.h.user.mapper.UserMapper.updateMoney   : ==>  Preparing: update user set balance = balance - 464100 where id = ?
17:28:41:589 DEBUG 25504 --- [http-nio-8084-exec-9] c.h.user.mapper.UserMapper.updateMoney   : ==> Parameters: 3(Long)
17:28:41:593 DEBUG 25504 --- [http-nio-8084-exec-9] c.h.user.mapper.UserMapper.updateMoney   : <==    Updates: 1
17:28:41:593  INFO 25504 --- [http-nio-8084-exec-9] c.h.user.service.impl.UserServiceImpl    : 扣款成功
17:48:40:745  INFO 29548 --- [main] com.hmall.user.UserApplication           : The following 1 profile is active: "dev"
17:48:42:360  INFO 29548 --- [main] o.s.cloud.context.scope.GenericScope     : BeanFactory id=de1f1157-f1db-37eb-8b85-db30e887b60e
17:48:43:048  INFO 29548 --- [main] o.s.b.w.embedded.tomcat.TomcatWebServer  : Tomcat initialized with port(s): 8084 (http)
17:48:43:066  INFO 29548 --- [main] o.apache.catalina.core.StandardService   : Starting service [Tomcat]
17:48:43:067  INFO 29548 --- [main] org.apache.catalina.core.StandardEngine  : Starting Servlet engine: [Apache Tomcat/9.0.75]
17:48:43:316  INFO 29548 --- [main] o.a.c.c.C.[Tomcat].[localhost].[/]       : Initializing Spring embedded WebApplicationContext
17:48:43:317  INFO 29548 --- [main] w.s.c.ServletWebServerApplicationContext : Root WebApplicationContext: initialization completed in 2552 ms
17:48:47:874  INFO 29548 --- [main] c.a.c.sentinel.SentinelWebMvcConfigurer  : [Sentinel Starter] register SentinelWebInterceptor with urlPatterns: [/**].
17:48:49:414  INFO 29548 --- [main] pertySourcedRequestMappingHandlerMapping : Mapped URL path [/v2/api-docs] onto method [springfox.documentation.swagger2.web.Swagger2ControllerWebMvc#getDocumentation(String, HttpServletRequest)]
17:48:50:876  INFO 29548 --- [main] com.alibaba.nacos.common.remote.client   : [RpcClientFactory] create a new rpc client of e701f503-5490-474f-af14-06b50b596fd2
17:48:50:876  INFO 29548 --- [main] com.alibaba.nacos.common.remote.client   : [e701f503-5490-474f-af14-06b50b596fd2] RpcClient init label, labels = {module=naming, source=sdk}
17:48:50:879  INFO 29548 --- [main] com.alibaba.nacos.common.remote.client   : [e701f503-5490-474f-af14-06b50b596fd2] RpcClient init, ServerListFactory = com.alibaba.nacos.client.naming.core.ServerListManager
17:48:50:879  INFO 29548 --- [main] com.alibaba.nacos.common.remote.client   : [e701f503-5490-474f-af14-06b50b596fd2] Registry connection listener to current client:com.alibaba.nacos.client.naming.remote.gprc.redo.NamingGrpcRedoService
17:48:50:880  INFO 29548 --- [main] com.alibaba.nacos.common.remote.client   : [e701f503-5490-474f-af14-06b50b596fd2] Register server push request handler:com.alibaba.nacos.client.naming.remote.gprc.NamingPushRequestHandler
17:48:50:880  INFO 29548 --- [main] com.alibaba.nacos.common.remote.client   : [e701f503-5490-474f-af14-06b50b596fd2] Try to connect to server on start up, server: {serverIp = '192.168.32.137', server main port = 8848}
17:48:51:000  INFO 29548 --- [main] com.alibaba.nacos.common.remote.client   : [e701f503-5490-474f-af14-06b50b596fd2] Success to connect to server [192.168.32.137:8848] on start up, connectionId = 1738901982552_192.168.32.1_30940
17:48:51:000  INFO 29548 --- [main] com.alibaba.nacos.common.remote.client   : [e701f503-5490-474f-af14-06b50b596fd2] Register server push request handler:com.alibaba.nacos.common.remote.client.RpcClient$ConnectResetRequestHandler
17:48:51:000  INFO 29548 --- [main] com.alibaba.nacos.common.remote.client   : [e701f503-5490-474f-af14-06b50b596fd2] Register server push request handler:com.alibaba.nacos.common.remote.client.RpcClient$$Lambda$470/0x0000000800423040
17:48:51:000  INFO 29548 --- [com.alibaba.nacos.client.remote.worker] com.alibaba.nacos.common.remote.client   : [e701f503-5490-474f-af14-06b50b596fd2] Notify connected event to listeners.
17:48:51:050  INFO 29548 --- [main] o.s.b.w.embedded.tomcat.TomcatWebServer  : Tomcat started on port(s): 8084 (http) with context path ''
17:48:51:060  INFO 29548 --- [main] c.a.c.n.registry.NacosServiceRegistry    : nacos registry, DEFAULT_GROUP user-service 192.168.0.105:8084 register finished
17:48:51:547  INFO 29548 --- [nacos-grpc-client-executor-5] com.alibaba.nacos.common.remote.client   : [e701f503-5490-474f-af14-06b50b596fd2] Receive server push request, request = NotifySubscriberRequest, requestId = 114
17:48:51:550  INFO 29548 --- [nacos-grpc-client-executor-5] com.alibaba.nacos.common.remote.client   : [e701f503-5490-474f-af14-06b50b596fd2] Ack server push request, request = NotifySubscriberRequest, requestId = 114
17:48:52:097  INFO 29548 --- [main] d.s.w.p.DocumentationPluginsBootstrapper : Documentation plugins bootstrapped
17:48:52:101  INFO 29548 --- [main] d.s.w.p.DocumentationPluginsBootstrapper : Found 1 custom documentation plugin(s)
17:48:52:120  INFO 29548 --- [main] s.d.s.w.s.ApiListingReferenceScanner     : Scanning for api listing references
17:48:52:212  INFO 29548 --- [main] com.hmall.user.UserApplication           : Started UserApplication in 22.281 seconds (JVM running for 25.29)
17:48:52:217  INFO 29548 --- [main] c.a.c.n.refresh.NacosContextRefresher    : [Nacos Config] Listening config: dataId=user-service.yaml, group=DEFAULT_GROUP
17:48:52:218  INFO 29548 --- [main] c.a.c.n.refresh.NacosContextRefresher    : [Nacos Config] Listening config: dataId=user-service-dev.yaml, group=DEFAULT_GROUP
17:48:52:219  INFO 29548 --- [main] c.a.c.n.refresh.NacosContextRefresher    : [Nacos Config] Listening config: dataId=user-service, group=DEFAULT_GROUP
17:52:45:162  INFO 29548 --- [http-nio-8084-exec-1] o.a.c.c.C.[Tomcat].[localhost].[/]       : Initializing Spring DispatcherServlet 'dispatcherServlet'
17:52:45:162  INFO 29548 --- [http-nio-8084-exec-1] o.s.web.servlet.DispatcherServlet        : Initializing Servlet 'dispatcherServlet'
17:52:45:162  INFO 29548 --- [http-nio-8084-exec-1] o.s.web.servlet.DispatcherServlet        : Completed initialization in 0 ms
17:52:45:506  INFO 29548 --- [http-nio-8084-exec-1] com.zaxxer.hikari.HikariDataSource       : HikariPool-1 - Starting...
17:52:45:784  INFO 29548 --- [http-nio-8084-exec-1] com.zaxxer.hikari.HikariDataSource       : HikariPool-1 - Start completed.
17:52:45:789 DEBUG 29548 --- [http-nio-8084-exec-1] c.h.user.mapper.UserMapper.selectOne     : ==>  Preparing: SELECT id,username,password,phone,create_time,update_time,status,balance FROM user WHERE (username = ?)
17:52:45:813 DEBUG 29548 --- [http-nio-8084-exec-1] c.h.user.mapper.UserMapper.selectOne     : ==> Parameters: jack(String)
17:52:45:844 DEBUG 29548 --- [http-nio-8084-exec-1] c.h.user.mapper.UserMapper.selectOne     : <==      Total: 1
20:29:36:305  INFO 5132 --- [main] com.hmall.user.UserApplication           : The following 1 profile is active: "dev"
20:29:37:697  INFO 5132 --- [main] o.s.cloud.context.scope.GenericScope     : BeanFactory id=de1f1157-f1db-37eb-8b85-db30e887b60e
20:29:38:342  INFO 5132 --- [main] o.s.b.w.embedded.tomcat.TomcatWebServer  : Tomcat initialized with port(s): 8084 (http)
20:29:38:357  INFO 5132 --- [main] o.apache.catalina.core.StandardService   : Starting service [Tomcat]
20:29:38:357  INFO 5132 --- [main] org.apache.catalina.core.StandardEngine  : Starting Servlet engine: [Apache Tomcat/9.0.75]
20:29:38:616  INFO 5132 --- [main] o.a.c.c.C.[Tomcat].[localhost].[/]       : Initializing Spring embedded WebApplicationContext
20:29:38:616  INFO 5132 --- [main] w.s.c.ServletWebServerApplicationContext : Root WebApplicationContext: initialization completed in 2294 ms
20:29:42:833  INFO 5132 --- [main] c.a.c.sentinel.SentinelWebMvcConfigurer  : [Sentinel Starter] register SentinelWebInterceptor with urlPatterns: [/**].
20:29:44:596  INFO 5132 --- [main] pertySourcedRequestMappingHandlerMapping : Mapped URL path [/v2/api-docs] onto method [springfox.documentation.swagger2.web.Swagger2ControllerWebMvc#getDocumentation(String, HttpServletRequest)]
20:29:47:932  INFO 5132 --- [main] com.alibaba.nacos.common.remote.client   : [RpcClientFactory] create a new rpc client of ba9f30b4-ae4d-41bf-9c4d-bb7ff38e9e29
20:29:47:932  INFO 5132 --- [main] com.alibaba.nacos.common.remote.client   : [ba9f30b4-ae4d-41bf-9c4d-bb7ff38e9e29] RpcClient init label, labels = {module=naming, source=sdk}
20:29:47:937  INFO 5132 --- [main] com.alibaba.nacos.common.remote.client   : [ba9f30b4-ae4d-41bf-9c4d-bb7ff38e9e29] RpcClient init, ServerListFactory = com.alibaba.nacos.client.naming.core.ServerListManager
20:29:47:938  INFO 5132 --- [main] com.alibaba.nacos.common.remote.client   : [ba9f30b4-ae4d-41bf-9c4d-bb7ff38e9e29] Registry connection listener to current client:com.alibaba.nacos.client.naming.remote.gprc.redo.NamingGrpcRedoService
20:29:47:940  INFO 5132 --- [main] com.alibaba.nacos.common.remote.client   : [ba9f30b4-ae4d-41bf-9c4d-bb7ff38e9e29] Register server push request handler:com.alibaba.nacos.client.naming.remote.gprc.NamingPushRequestHandler
20:29:47:941  INFO 5132 --- [main] com.alibaba.nacos.common.remote.client   : [ba9f30b4-ae4d-41bf-9c4d-bb7ff38e9e29] Try to connect to server on start up, server: {serverIp = '192.168.32.137', server main port = 8848}
20:29:48:119  INFO 5132 --- [main] com.alibaba.nacos.common.remote.client   : [ba9f30b4-ae4d-41bf-9c4d-bb7ff38e9e29] Success to connect to server [192.168.32.137:8848] on start up, connectionId = 1738904387538_192.168.32.1_20073
20:29:48:119  INFO 5132 --- [main] com.alibaba.nacos.common.remote.client   : [ba9f30b4-ae4d-41bf-9c4d-bb7ff38e9e29] Register server push request handler:com.alibaba.nacos.common.remote.client.RpcClient$ConnectResetRequestHandler
20:29:48:119  INFO 5132 --- [main] com.alibaba.nacos.common.remote.client   : [ba9f30b4-ae4d-41bf-9c4d-bb7ff38e9e29] Register server push request handler:com.alibaba.nacos.common.remote.client.RpcClient$$Lambda$470/0x0000000800558040
20:29:48:119  INFO 5132 --- [com.alibaba.nacos.client.remote.worker] com.alibaba.nacos.common.remote.client   : [ba9f30b4-ae4d-41bf-9c4d-bb7ff38e9e29] Notify connected event to listeners.
20:29:48:209  INFO 5132 --- [main] o.s.b.w.embedded.tomcat.TomcatWebServer  : Tomcat started on port(s): 8084 (http) with context path ''
20:29:48:224  INFO 5132 --- [main] c.a.c.n.registry.NacosServiceRegistry    : nacos registry, DEFAULT_GROUP user-service 192.168.0.105:8084 register finished
20:29:48:689  INFO 5132 --- [nacos-grpc-client-executor-6] com.alibaba.nacos.common.remote.client   : [ba9f30b4-ae4d-41bf-9c4d-bb7ff38e9e29] Receive server push request, request = NotifySubscriberRequest, requestId = 141
20:29:48:695  INFO 5132 --- [nacos-grpc-client-executor-6] com.alibaba.nacos.common.remote.client   : [ba9f30b4-ae4d-41bf-9c4d-bb7ff38e9e29] Ack server push request, request = NotifySubscriberRequest, requestId = 141
20:29:49:526  INFO 5132 --- [main] d.s.w.p.DocumentationPluginsBootstrapper : Documentation plugins bootstrapped
20:29:49:529  INFO 5132 --- [main] d.s.w.p.DocumentationPluginsBootstrapper : Found 1 custom documentation plugin(s)
20:29:49:548  INFO 5132 --- [main] s.d.s.w.s.ApiListingReferenceScanner     : Scanning for api listing references
20:29:49:641  INFO 5132 --- [main] com.hmall.user.UserApplication           : Started UserApplication in 22.917 seconds (JVM running for 25.632)
20:29:49:646  INFO 5132 --- [main] c.a.c.n.refresh.NacosContextRefresher    : [Nacos Config] Listening config: dataId=user-service.yaml, group=DEFAULT_GROUP
20:29:49:647  INFO 5132 --- [main] c.a.c.n.refresh.NacosContextRefresher    : [Nacos Config] Listening config: dataId=user-service-dev.yaml, group=DEFAULT_GROUP
20:29:49:648  INFO 5132 --- [main] c.a.c.n.refresh.NacosContextRefresher    : [Nacos Config] Listening config: dataId=user-service, group=DEFAULT_GROUP
