00:06:53:741  INFO 35060 --- [main] com.hmall.gateway.GatewayApplication     : No active profile set, falling back to 1 default profile: "default"
00:06:55:518  INFO 35060 --- [main] o.s.cloud.context.scope.GenericScope     : BeanFactory id=dafdc53d-3a0c-371b-b82c-be59151bf8b3
00:06:55:919  INFO 35060 --- [main] trationDelegate$BeanPostProcessorChecker : Bean 'org.springframework.cloud.client.loadbalancer.reactive.LoadBalancerBeanPostProcessorAutoConfiguration' of type [org.springframework.cloud.client.loadbalancer.reactive.LoadBalancerBeanPostProcessorAutoConfiguration] is not eligible for getting processed by all BeanPostProcessors (for example: not eligible for auto-proxying)
00:06:55:921  INFO 35060 --- [main] trationDelegate$BeanPostProcessorChecker : Bean 'org.springframework.cloud.client.loadbalancer.reactive.LoadBalancerBeanPostProcessorAutoConfiguration$ReactorDeferringLoadBalancerFilterConfig' of type [org.springframework.cloud.client.loadbalancer.reactive.LoadBalancerBeanPostProcessorAutoConfiguration$ReactorDeferringLoadBalancerFilterConfig] is not eligible for getting processed by all BeanPostProcessors (for example: not eligible for auto-proxying)
00:06:55:929  INFO 35060 --- [main] trationDelegate$BeanPostProcessorChecker : Bean 'reactorDeferringLoadBalancerExchangeFilterFunction' of type [org.springframework.cloud.client.loadbalancer.reactive.DeferringLoadBalancerExchangeFilterFunction] is not eligible for getting processed by all BeanPostProcessors (for example: not eligible for auto-proxying)
00:06:57:499 DEBUG 35060 --- [main] c.h.gateway.route.DynamicRouteLoader     : 监听到路由配置变更，[
  {
    "id": "item",
    "predicates": [{
      "name": "Path",
      "args": {"_genkey_0":"/items/**", "_genkey_1":"/search/**"}
    }],
    "filters": [],
    "uri": "lb://item-service"
  },
  {
    "id": "cart",
    "predicates": [{
      "name": "Path",
      "args": {"_genkey_0":"/carts/**"}
    }],
    "filters": [],
    "uri": "lb://cart-service"
  },
  {
    "id": "user",
    "predicates": [{
      "name": "Path",
      "args": {"_genkey_0":"/users/**", "_genkey_1":"/addresses/**"}
    }],
    "filters": [],
    "uri": "lb://user-service"
  },
  {
    "id": "trade",
    "predicates": [{
      "name": "Path",
      "args": {"_genkey_0":"/orders/**"}
    }],
    "filters": [],
    "uri": "lb://trade-service"
  },
  {
    "id": "pay",
    "predicates": [{
      "name": "Path",
      "args": {"_genkey_0":"/pay-orders/**"}
    }],
    "filters": [],
    "uri": "lb://pay-service"
  }
]
00:07:00:857  INFO 35060 --- [main] o.s.c.g.r.RouteDefinitionRouteLocator    : Loaded RoutePredicateFactory [After]
00:07:00:857  INFO 35060 --- [main] o.s.c.g.r.RouteDefinitionRouteLocator    : Loaded RoutePredicateFactory [Before]
00:07:00:859  INFO 35060 --- [main] o.s.c.g.r.RouteDefinitionRouteLocator    : Loaded RoutePredicateFactory [Between]
00:07:00:859  INFO 35060 --- [main] o.s.c.g.r.RouteDefinitionRouteLocator    : Loaded RoutePredicateFactory [Cookie]
00:07:00:859  INFO 35060 --- [main] o.s.c.g.r.RouteDefinitionRouteLocator    : Loaded RoutePredicateFactory [Header]
00:07:00:859  INFO 35060 --- [main] o.s.c.g.r.RouteDefinitionRouteLocator    : Loaded RoutePredicateFactory [Host]
00:07:00:859  INFO 35060 --- [main] o.s.c.g.r.RouteDefinitionRouteLocator    : Loaded RoutePredicateFactory [Method]
00:07:00:859  INFO 35060 --- [main] o.s.c.g.r.RouteDefinitionRouteLocator    : Loaded RoutePredicateFactory [Path]
00:07:00:859  INFO 35060 --- [main] o.s.c.g.r.RouteDefinitionRouteLocator    : Loaded RoutePredicateFactory [Query]
00:07:00:859  INFO 35060 --- [main] o.s.c.g.r.RouteDefinitionRouteLocator    : Loaded RoutePredicateFactory [ReadBody]
00:07:00:859  INFO 35060 --- [main] o.s.c.g.r.RouteDefinitionRouteLocator    : Loaded RoutePredicateFactory [RemoteAddr]
00:07:00:860  INFO 35060 --- [main] o.s.c.g.r.RouteDefinitionRouteLocator    : Loaded RoutePredicateFactory [XForwardedRemoteAddr]
00:07:00:860  INFO 35060 --- [main] o.s.c.g.r.RouteDefinitionRouteLocator    : Loaded RoutePredicateFactory [Weight]
00:07:00:860  INFO 35060 --- [main] o.s.c.g.r.RouteDefinitionRouteLocator    : Loaded RoutePredicateFactory [CloudFoundryRouteService]
00:07:01:069  INFO 35060 --- [main] c.a.c.s.SentinelWebFluxAutoConfiguration : [Sentinel Starter] register Sentinel SentinelWebFluxFilter
00:07:03:024  INFO 35060 --- [main] com.alibaba.nacos.common.remote.client   : [RpcClientFactory] create a new rpc client of 65c6cf10-9439-46be-822c-78fc75ec7193
00:07:03:025  INFO 35060 --- [main] com.alibaba.nacos.common.remote.client   : [65c6cf10-9439-46be-822c-78fc75ec7193] RpcClient init label, labels = {module=naming, source=sdk}
00:07:03:031  INFO 35060 --- [main] com.alibaba.nacos.common.remote.client   : [65c6cf10-9439-46be-822c-78fc75ec7193] RpcClient init, ServerListFactory = com.alibaba.nacos.client.naming.core.ServerListManager
00:07:03:031  INFO 35060 --- [main] com.alibaba.nacos.common.remote.client   : [65c6cf10-9439-46be-822c-78fc75ec7193] Registry connection listener to current client:com.alibaba.nacos.client.naming.remote.gprc.redo.NamingGrpcRedoService
00:07:03:032  INFO 35060 --- [main] com.alibaba.nacos.common.remote.client   : [65c6cf10-9439-46be-822c-78fc75ec7193] Register server push request handler:com.alibaba.nacos.client.naming.remote.gprc.NamingPushRequestHandler
00:07:03:033  INFO 35060 --- [main] com.alibaba.nacos.common.remote.client   : [65c6cf10-9439-46be-822c-78fc75ec7193] Try to connect to server on start up, server: {serverIp = '192.168.32.137', server main port = 8848}
00:07:03:171  INFO 35060 --- [main] com.alibaba.nacos.common.remote.client   : [65c6cf10-9439-46be-822c-78fc75ec7193] Success to connect to server [192.168.32.137:8848] on start up, connectionId = 1738893778452_192.168.32.1_42548
00:07:03:171  INFO 35060 --- [main] com.alibaba.nacos.common.remote.client   : [65c6cf10-9439-46be-822c-78fc75ec7193] Register server push request handler:com.alibaba.nacos.common.remote.client.RpcClient$ConnectResetRequestHandler
00:07:03:171  INFO 35060 --- [com.alibaba.nacos.client.remote.worker] com.alibaba.nacos.common.remote.client   : [65c6cf10-9439-46be-822c-78fc75ec7193] Notify connected event to listeners.
00:07:03:172  INFO 35060 --- [main] com.alibaba.nacos.common.remote.client   : [65c6cf10-9439-46be-822c-78fc75ec7193] Register server push request handler:com.alibaba.nacos.common.remote.client.RpcClient$$Lambda$461/0x0000000800446440
00:07:03:769  INFO 35060 --- [nacos-grpc-client-executor-5] com.alibaba.nacos.common.remote.client   : [65c6cf10-9439-46be-822c-78fc75ec7193] Receive server push request, request = NotifySubscriberRequest, requestId = 39
00:07:03:773  INFO 35060 --- [nacos-grpc-client-executor-5] com.alibaba.nacos.common.remote.client   : [65c6cf10-9439-46be-822c-78fc75ec7193] Ack server push request, request = NotifySubscriberRequest, requestId = 39
00:07:04:465  INFO 35060 --- [main] o.s.b.web.embedded.netty.NettyWebServer  : Netty started on port 8080
00:07:07:325  INFO 35060 --- [main] c.a.c.n.registry.NacosServiceRegistry    : nacos registry, DEFAULT_GROUP gateway-service 192.168.0.105:8080 register finished
00:07:07:351  INFO 35060 --- [main] com.hmall.gateway.GatewayApplication     : Started GatewayApplication in 21.457 seconds (JVM running for 23.319)
00:07:07:358  INFO 35060 --- [main] c.a.c.n.refresh.NacosContextRefresher    : [Nacos Config] Listening config: dataId=gateway-service, group=DEFAULT_GROUP
00:07:07:360  INFO 35060 --- [main] c.a.c.n.refresh.NacosContextRefresher    : [Nacos Config] Listening config: dataId=gateway-service.yaml, group=DEFAULT_GROUP
00:07:07:826  INFO 35060 --- [nacos-grpc-client-executor-10] com.alibaba.nacos.common.remote.client   : [65c6cf10-9439-46be-822c-78fc75ec7193] Receive server push request, request = NotifySubscriberRequest, requestId = 40
00:07:07:831  INFO 35060 --- [nacos-grpc-client-executor-10] com.alibaba.nacos.common.remote.client   : [65c6cf10-9439-46be-822c-78fc75ec7193] Ack server push request, request = NotifySubscriberRequest, requestId = 40
00:14:34:761  INFO 36796 --- [main] com.hmall.gateway.GatewayApplication     : No active profile set, falling back to 1 default profile: "default"
00:14:36:091  INFO 36796 --- [main] o.s.cloud.context.scope.GenericScope     : BeanFactory id=dafdc53d-3a0c-371b-b82c-be59151bf8b3
00:14:36:439  INFO 36796 --- [main] trationDelegate$BeanPostProcessorChecker : Bean 'org.springframework.cloud.client.loadbalancer.reactive.LoadBalancerBeanPostProcessorAutoConfiguration' of type [org.springframework.cloud.client.loadbalancer.reactive.LoadBalancerBeanPostProcessorAutoConfiguration] is not eligible for getting processed by all BeanPostProcessors (for example: not eligible for auto-proxying)
00:14:36:440  INFO 36796 --- [main] trationDelegate$BeanPostProcessorChecker : Bean 'org.springframework.cloud.client.loadbalancer.reactive.LoadBalancerBeanPostProcessorAutoConfiguration$ReactorDeferringLoadBalancerFilterConfig' of type [org.springframework.cloud.client.loadbalancer.reactive.LoadBalancerBeanPostProcessorAutoConfiguration$ReactorDeferringLoadBalancerFilterConfig] is not eligible for getting processed by all BeanPostProcessors (for example: not eligible for auto-proxying)
00:14:36:444  INFO 36796 --- [main] trationDelegate$BeanPostProcessorChecker : Bean 'reactorDeferringLoadBalancerExchangeFilterFunction' of type [org.springframework.cloud.client.loadbalancer.reactive.DeferringLoadBalancerExchangeFilterFunction] is not eligible for getting processed by all BeanPostProcessors (for example: not eligible for auto-proxying)
00:14:37:453 DEBUG 36796 --- [main] c.h.gateway.route.DynamicRouteLoader     : 监听到路由配置变更，[
  {
    "id": "item",
    "predicates": [{
      "name": "Path",
      "args": {"_genkey_0":"/items/**", "_genkey_1":"/search/**"}
    }],
    "filters": [],
    "uri": "lb://item-service"
  },
  {
    "id": "cart",
    "predicates": [{
      "name": "Path",
      "args": {"_genkey_0":"/carts/**"}
    }],
    "filters": [],
    "uri": "lb://cart-service"
  },
  {
    "id": "user",
    "predicates": [{
      "name": "Path",
      "args": {"_genkey_0":"/users/**", "_genkey_1":"/addresses/**"}
    }],
    "filters": [],
    "uri": "lb://user-service"
  },
  {
    "id": "trade",
    "predicates": [{
      "name": "Path",
      "args": {"_genkey_0":"/orders/**"}
    }],
    "filters": [],
    "uri": "lb://trade-service"
  },
  {
    "id": "pay",
    "predicates": [{
      "name": "Path",
      "args": {"_genkey_0":"/pay-orders/**"}
    }],
    "filters": [],
    "uri": "lb://pay-service"
  }
]
00:14:42:210  INFO 36796 --- [main] o.s.c.g.r.RouteDefinitionRouteLocator    : Loaded RoutePredicateFactory [After]
00:14:42:210  INFO 36796 --- [main] o.s.c.g.r.RouteDefinitionRouteLocator    : Loaded RoutePredicateFactory [Before]
00:14:42:211  INFO 36796 --- [main] o.s.c.g.r.RouteDefinitionRouteLocator    : Loaded RoutePredicateFactory [Between]
00:14:42:211  INFO 36796 --- [main] o.s.c.g.r.RouteDefinitionRouteLocator    : Loaded RoutePredicateFactory [Cookie]
00:14:42:211  INFO 36796 --- [main] o.s.c.g.r.RouteDefinitionRouteLocator    : Loaded RoutePredicateFactory [Header]
00:14:42:211  INFO 36796 --- [main] o.s.c.g.r.RouteDefinitionRouteLocator    : Loaded RoutePredicateFactory [Host]
00:14:42:212  INFO 36796 --- [main] o.s.c.g.r.RouteDefinitionRouteLocator    : Loaded RoutePredicateFactory [Method]
00:14:42:212  INFO 36796 --- [main] o.s.c.g.r.RouteDefinitionRouteLocator    : Loaded RoutePredicateFactory [Path]
00:14:42:212  INFO 36796 --- [main] o.s.c.g.r.RouteDefinitionRouteLocator    : Loaded RoutePredicateFactory [Query]
00:14:42:212  INFO 36796 --- [main] o.s.c.g.r.RouteDefinitionRouteLocator    : Loaded RoutePredicateFactory [ReadBody]
00:14:42:212  INFO 36796 --- [main] o.s.c.g.r.RouteDefinitionRouteLocator    : Loaded RoutePredicateFactory [RemoteAddr]
00:14:42:212  INFO 36796 --- [main] o.s.c.g.r.RouteDefinitionRouteLocator    : Loaded RoutePredicateFactory [XForwardedRemoteAddr]
00:14:42:213  INFO 36796 --- [main] o.s.c.g.r.RouteDefinitionRouteLocator    : Loaded RoutePredicateFactory [Weight]
00:14:42:213  INFO 36796 --- [main] o.s.c.g.r.RouteDefinitionRouteLocator    : Loaded RoutePredicateFactory [CloudFoundryRouteService]
00:14:42:471  INFO 36796 --- [main] c.a.c.s.SentinelWebFluxAutoConfiguration : [Sentinel Starter] register Sentinel SentinelWebFluxFilter
00:14:44:907  INFO 36796 --- [main] com.alibaba.nacos.common.remote.client   : [RpcClientFactory] create a new rpc client of ff87c6a0-91a5-4ab7-a782-ad6122223265
00:14:44:908  INFO 36796 --- [main] com.alibaba.nacos.common.remote.client   : [ff87c6a0-91a5-4ab7-a782-ad6122223265] RpcClient init label, labels = {module=naming, source=sdk}
00:14:44:912  INFO 36796 --- [main] com.alibaba.nacos.common.remote.client   : [ff87c6a0-91a5-4ab7-a782-ad6122223265] RpcClient init, ServerListFactory = com.alibaba.nacos.client.naming.core.ServerListManager
00:14:44:912  INFO 36796 --- [main] com.alibaba.nacos.common.remote.client   : [ff87c6a0-91a5-4ab7-a782-ad6122223265] Registry connection listener to current client:com.alibaba.nacos.client.naming.remote.gprc.redo.NamingGrpcRedoService
00:14:44:913  INFO 36796 --- [main] com.alibaba.nacos.common.remote.client   : [ff87c6a0-91a5-4ab7-a782-ad6122223265] Register server push request handler:com.alibaba.nacos.client.naming.remote.gprc.NamingPushRequestHandler
00:14:44:914  INFO 36796 --- [main] com.alibaba.nacos.common.remote.client   : [ff87c6a0-91a5-4ab7-a782-ad6122223265] Try to connect to server on start up, server: {serverIp = '192.168.32.137', server main port = 8848}
00:14:45:047  INFO 36796 --- [main] com.alibaba.nacos.common.remote.client   : [ff87c6a0-91a5-4ab7-a782-ad6122223265] Success to connect to server [192.168.32.137:8848] on start up, connectionId = 1738894278825_192.168.32.1_43853
00:14:45:047  INFO 36796 --- [main] com.alibaba.nacos.common.remote.client   : [ff87c6a0-91a5-4ab7-a782-ad6122223265] Register server push request handler:com.alibaba.nacos.common.remote.client.RpcClient$ConnectResetRequestHandler
00:14:45:047  INFO 36796 --- [main] com.alibaba.nacos.common.remote.client   : [ff87c6a0-91a5-4ab7-a782-ad6122223265] Register server push request handler:com.alibaba.nacos.common.remote.client.RpcClient$$Lambda$461/0x000000080043c440
00:14:45:047  INFO 36796 --- [com.alibaba.nacos.client.remote.worker] com.alibaba.nacos.common.remote.client   : [ff87c6a0-91a5-4ab7-a782-ad6122223265] Notify connected event to listeners.
00:14:45:613  INFO 36796 --- [nacos-grpc-client-executor-5] com.alibaba.nacos.common.remote.client   : [ff87c6a0-91a5-4ab7-a782-ad6122223265] Receive server push request, request = NotifySubscriberRequest, requestId = 50
00:14:45:617  INFO 36796 --- [nacos-grpc-client-executor-5] com.alibaba.nacos.common.remote.client   : [ff87c6a0-91a5-4ab7-a782-ad6122223265] Ack server push request, request = NotifySubscriberRequest, requestId = 50
00:14:46:643  INFO 36796 --- [main] o.s.b.web.embedded.netty.NettyWebServer  : Netty started on port 8080
00:14:50:466  INFO 36796 --- [main] c.a.c.n.registry.NacosServiceRegistry    : nacos registry, DEFAULT_GROUP gateway-service 192.168.0.105:8080 register finished
00:14:50:504  INFO 36796 --- [main] com.hmall.gateway.GatewayApplication     : Started GatewayApplication in 24.359 seconds (JVM running for 26.333)
00:14:50:514  INFO 36796 --- [main] c.a.c.n.refresh.NacosContextRefresher    : [Nacos Config] Listening config: dataId=gateway-service, group=DEFAULT_GROUP
00:14:50:516  INFO 36796 --- [main] c.a.c.n.refresh.NacosContextRefresher    : [Nacos Config] Listening config: dataId=gateway-service.yaml, group=DEFAULT_GROUP
00:14:51:019  INFO 36796 --- [nacos-grpc-client-executor-11] com.alibaba.nacos.common.remote.client   : [ff87c6a0-91a5-4ab7-a782-ad6122223265] Receive server push request, request = NotifySubscriberRequest, requestId = 53
00:14:51:027  INFO 36796 --- [nacos-grpc-client-executor-11] com.alibaba.nacos.common.remote.client   : [ff87c6a0-91a5-4ab7-a782-ad6122223265] Ack server push request, request = NotifySubscriberRequest, requestId = 53
00:29:45:250  INFO 33500 --- [main] com.hmall.gateway.GatewayApplication     : No active profile set, falling back to 1 default profile: "default"
00:29:46:730  INFO 33500 --- [main] o.s.cloud.context.scope.GenericScope     : BeanFactory id=dafdc53d-3a0c-371b-b82c-be59151bf8b3
00:29:47:008  INFO 33500 --- [main] trationDelegate$BeanPostProcessorChecker : Bean 'org.springframework.cloud.client.loadbalancer.reactive.LoadBalancerBeanPostProcessorAutoConfiguration' of type [org.springframework.cloud.client.loadbalancer.reactive.LoadBalancerBeanPostProcessorAutoConfiguration] is not eligible for getting processed by all BeanPostProcessors (for example: not eligible for auto-proxying)
00:29:47:010  INFO 33500 --- [main] trationDelegate$BeanPostProcessorChecker : Bean 'org.springframework.cloud.client.loadbalancer.reactive.LoadBalancerBeanPostProcessorAutoConfiguration$ReactorDeferringLoadBalancerFilterConfig' of type [org.springframework.cloud.client.loadbalancer.reactive.LoadBalancerBeanPostProcessorAutoConfiguration$ReactorDeferringLoadBalancerFilterConfig] is not eligible for getting processed by all BeanPostProcessors (for example: not eligible for auto-proxying)
00:29:47:013  INFO 33500 --- [main] trationDelegate$BeanPostProcessorChecker : Bean 'reactorDeferringLoadBalancerExchangeFilterFunction' of type [org.springframework.cloud.client.loadbalancer.reactive.DeferringLoadBalancerExchangeFilterFunction] is not eligible for getting processed by all BeanPostProcessors (for example: not eligible for auto-proxying)
00:29:48:000 DEBUG 33500 --- [main] c.h.gateway.route.DynamicRouteLoader     : 监听到路由配置变更，[
  {
    "id": "item",
    "predicates": [{
      "name": "Path",
      "args": {"_genkey_0":"/items/**", "_genkey_1":"/search/**"}
    }],
    "filters": [],
    "uri": "lb://item-service"
  },
  {
    "id": "cart",
    "predicates": [{
      "name": "Path",
      "args": {"_genkey_0":"/carts/**"}
    }],
    "filters": [],
    "uri": "lb://cart-service"
  },
  {
    "id": "user",
    "predicates": [{
      "name": "Path",
      "args": {"_genkey_0":"/users/**", "_genkey_1":"/addresses/**"}
    }],
    "filters": [],
    "uri": "lb://user-service"
  },
  {
    "id": "trade",
    "predicates": [{
      "name": "Path",
      "args": {"_genkey_0":"/orders/**"}
    }],
    "filters": [],
    "uri": "lb://trade-service"
  },
  {
    "id": "pay",
    "predicates": [{
      "name": "Path",
      "args": {"_genkey_0":"/pay-orders/**"}
    }],
    "filters": [],
    "uri": "lb://pay-service"
  }
]
00:29:52:516  INFO 33500 --- [main] o.s.c.g.r.RouteDefinitionRouteLocator    : Loaded RoutePredicateFactory [After]
00:29:52:517  INFO 33500 --- [main] o.s.c.g.r.RouteDefinitionRouteLocator    : Loaded RoutePredicateFactory [Before]
00:29:52:517  INFO 33500 --- [main] o.s.c.g.r.RouteDefinitionRouteLocator    : Loaded RoutePredicateFactory [Between]
00:29:52:517  INFO 33500 --- [main] o.s.c.g.r.RouteDefinitionRouteLocator    : Loaded RoutePredicateFactory [Cookie]
00:29:52:517  INFO 33500 --- [main] o.s.c.g.r.RouteDefinitionRouteLocator    : Loaded RoutePredicateFactory [Header]
00:29:52:517  INFO 33500 --- [main] o.s.c.g.r.RouteDefinitionRouteLocator    : Loaded RoutePredicateFactory [Host]
00:29:52:518  INFO 33500 --- [main] o.s.c.g.r.RouteDefinitionRouteLocator    : Loaded RoutePredicateFactory [Method]
00:29:52:518  INFO 33500 --- [main] o.s.c.g.r.RouteDefinitionRouteLocator    : Loaded RoutePredicateFactory [Path]
00:29:52:518  INFO 33500 --- [main] o.s.c.g.r.RouteDefinitionRouteLocator    : Loaded RoutePredicateFactory [Query]
00:29:52:518  INFO 33500 --- [main] o.s.c.g.r.RouteDefinitionRouteLocator    : Loaded RoutePredicateFactory [ReadBody]
00:29:52:518  INFO 33500 --- [main] o.s.c.g.r.RouteDefinitionRouteLocator    : Loaded RoutePredicateFactory [RemoteAddr]
00:29:52:518  INFO 33500 --- [main] o.s.c.g.r.RouteDefinitionRouteLocator    : Loaded RoutePredicateFactory [XForwardedRemoteAddr]
00:29:52:518  INFO 33500 --- [main] o.s.c.g.r.RouteDefinitionRouteLocator    : Loaded RoutePredicateFactory [Weight]
00:29:52:519  INFO 33500 --- [main] o.s.c.g.r.RouteDefinitionRouteLocator    : Loaded RoutePredicateFactory [CloudFoundryRouteService]
00:29:52:751  INFO 33500 --- [main] c.a.c.s.SentinelWebFluxAutoConfiguration : [Sentinel Starter] register Sentinel SentinelWebFluxFilter
00:29:55:128  INFO 33500 --- [main] com.alibaba.nacos.common.remote.client   : [RpcClientFactory] create a new rpc client of 01e6888f-ce38-4538-9d7b-1b85f15487f4
00:29:55:129  INFO 33500 --- [main] com.alibaba.nacos.common.remote.client   : [01e6888f-ce38-4538-9d7b-1b85f15487f4] RpcClient init label, labels = {module=naming, source=sdk}
00:29:55:135  INFO 33500 --- [main] com.alibaba.nacos.common.remote.client   : [01e6888f-ce38-4538-9d7b-1b85f15487f4] RpcClient init, ServerListFactory = com.alibaba.nacos.client.naming.core.ServerListManager
00:29:55:136  INFO 33500 --- [main] com.alibaba.nacos.common.remote.client   : [01e6888f-ce38-4538-9d7b-1b85f15487f4] Registry connection listener to current client:com.alibaba.nacos.client.naming.remote.gprc.redo.NamingGrpcRedoService
00:29:55:137  INFO 33500 --- [main] com.alibaba.nacos.common.remote.client   : [01e6888f-ce38-4538-9d7b-1b85f15487f4] Register server push request handler:com.alibaba.nacos.client.naming.remote.gprc.NamingPushRequestHandler
00:29:55:137  INFO 33500 --- [main] com.alibaba.nacos.common.remote.client   : [01e6888f-ce38-4538-9d7b-1b85f15487f4] Try to connect to server on start up, server: {serverIp = '192.168.32.137', server main port = 8848}
00:29:55:271  INFO 33500 --- [main] com.alibaba.nacos.common.remote.client   : [01e6888f-ce38-4538-9d7b-1b85f15487f4] Success to connect to server [192.168.32.137:8848] on start up, connectionId = 1738895264901_192.168.32.1_45959
00:29:55:271  INFO 33500 --- [main] com.alibaba.nacos.common.remote.client   : [01e6888f-ce38-4538-9d7b-1b85f15487f4] Register server push request handler:com.alibaba.nacos.common.remote.client.RpcClient$ConnectResetRequestHandler
00:29:55:271  INFO 33500 --- [com.alibaba.nacos.client.remote.worker] com.alibaba.nacos.common.remote.client   : [01e6888f-ce38-4538-9d7b-1b85f15487f4] Notify connected event to listeners.
00:29:55:272  INFO 33500 --- [main] com.alibaba.nacos.common.remote.client   : [01e6888f-ce38-4538-9d7b-1b85f15487f4] Register server push request handler:com.alibaba.nacos.common.remote.client.RpcClient$$Lambda$461/0x0000000800446440
00:29:55:865  INFO 33500 --- [nacos-grpc-client-executor-4] com.alibaba.nacos.common.remote.client   : [01e6888f-ce38-4538-9d7b-1b85f15487f4] Receive server push request, request = NotifySubscriberRequest, requestId = 60
00:29:55:869  INFO 33500 --- [nacos-grpc-client-executor-4] com.alibaba.nacos.common.remote.client   : [01e6888f-ce38-4538-9d7b-1b85f15487f4] Ack server push request, request = NotifySubscriberRequest, requestId = 60
00:29:56:870  INFO 33500 --- [main] o.s.b.web.embedded.netty.NettyWebServer  : Netty started on port 8080
00:30:02:204  INFO 33500 --- [main] c.a.c.n.registry.NacosServiceRegistry    : nacos registry, DEFAULT_GROUP gateway-service 192.168.0.105:8080 register finished
00:30:02:249  INFO 33500 --- [main] com.hmall.gateway.GatewayApplication     : Started GatewayApplication in 26.987 seconds (JVM running for 29.031)
00:30:02:266  INFO 33500 --- [main] c.a.c.n.refresh.NacosContextRefresher    : [Nacos Config] Listening config: dataId=gateway-service, group=DEFAULT_GROUP
00:30:02:270  INFO 33500 --- [main] c.a.c.n.refresh.NacosContextRefresher    : [Nacos Config] Listening config: dataId=gateway-service.yaml, group=DEFAULT_GROUP
00:30:02:687  INFO 33500 --- [nacos-grpc-client-executor-10] com.alibaba.nacos.common.remote.client   : [01e6888f-ce38-4538-9d7b-1b85f15487f4] Receive server push request, request = NotifySubscriberRequest, requestId = 63
00:30:02:692  INFO 33500 --- [nacos-grpc-client-executor-10] com.alibaba.nacos.common.remote.client   : [01e6888f-ce38-4538-9d7b-1b85f15487f4] Ack server push request, request = NotifySubscriberRequest, requestId = 63
16:53:18:196  INFO 8028 --- [main] com.hmall.gateway.GatewayApplication     : No active profile set, falling back to 1 default profile: "default"
16:53:19:680  INFO 8028 --- [main] o.s.cloud.context.scope.GenericScope     : BeanFactory id=dafdc53d-3a0c-371b-b82c-be59151bf8b3
16:53:20:096  INFO 8028 --- [main] trationDelegate$BeanPostProcessorChecker : Bean 'org.springframework.cloud.client.loadbalancer.reactive.LoadBalancerBeanPostProcessorAutoConfiguration' of type [org.springframework.cloud.client.loadbalancer.reactive.LoadBalancerBeanPostProcessorAutoConfiguration] is not eligible for getting processed by all BeanPostProcessors (for example: not eligible for auto-proxying)
16:53:20:099  INFO 8028 --- [main] trationDelegate$BeanPostProcessorChecker : Bean 'org.springframework.cloud.client.loadbalancer.reactive.LoadBalancerBeanPostProcessorAutoConfiguration$ReactorDeferringLoadBalancerFilterConfig' of type [org.springframework.cloud.client.loadbalancer.reactive.LoadBalancerBeanPostProcessorAutoConfiguration$ReactorDeferringLoadBalancerFilterConfig] is not eligible for getting processed by all BeanPostProcessors (for example: not eligible for auto-proxying)
16:53:20:104  INFO 8028 --- [main] trationDelegate$BeanPostProcessorChecker : Bean 'reactorDeferringLoadBalancerExchangeFilterFunction' of type [org.springframework.cloud.client.loadbalancer.reactive.DeferringLoadBalancerExchangeFilterFunction] is not eligible for getting processed by all BeanPostProcessors (for example: not eligible for auto-proxying)
16:53:21:052 DEBUG 8028 --- [main] c.h.gateway.route.DynamicRouteLoader     : 监听到路由配置变更，[
  {
    "id": "item",
    "predicates": [{
      "name": "Path",
      "args": {"_genkey_0":"/items/**", "_genkey_1":"/search/**"}
    }],
    "filters": [],
    "uri": "lb://item-service"
  },
  {
    "id": "cart",
    "predicates": [{
      "name": "Path",
      "args": {"_genkey_0":"/carts/**"}
    }],
    "filters": [],
    "uri": "lb://cart-service"
  },
  {
    "id": "user",
    "predicates": [{
      "name": "Path",
      "args": {"_genkey_0":"/users/**", "_genkey_1":"/addresses/**"}
    }],
    "filters": [],
    "uri": "lb://user-service"
  },
  {
    "id": "trade",
    "predicates": [{
      "name": "Path",
      "args": {"_genkey_0":"/orders/**"}
    }],
    "filters": [],
    "uri": "lb://trade-service"
  },
  {
    "id": "pay",
    "predicates": [{
      "name": "Path",
      "args": {"_genkey_0":"/pay-orders/**"}
    }],
    "filters": [],
    "uri": "lb://pay-service"
  }
]
16:53:24:365  INFO 8028 --- [main] o.s.c.g.r.RouteDefinitionRouteLocator    : Loaded RoutePredicateFactory [After]
16:53:24:365  INFO 8028 --- [main] o.s.c.g.r.RouteDefinitionRouteLocator    : Loaded RoutePredicateFactory [Before]
16:53:24:366  INFO 8028 --- [main] o.s.c.g.r.RouteDefinitionRouteLocator    : Loaded RoutePredicateFactory [Between]
16:53:24:366  INFO 8028 --- [main] o.s.c.g.r.RouteDefinitionRouteLocator    : Loaded RoutePredicateFactory [Cookie]
16:53:24:366  INFO 8028 --- [main] o.s.c.g.r.RouteDefinitionRouteLocator    : Loaded RoutePredicateFactory [Header]
16:53:24:366  INFO 8028 --- [main] o.s.c.g.r.RouteDefinitionRouteLocator    : Loaded RoutePredicateFactory [Host]
16:53:24:366  INFO 8028 --- [main] o.s.c.g.r.RouteDefinitionRouteLocator    : Loaded RoutePredicateFactory [Method]
16:53:24:366  INFO 8028 --- [main] o.s.c.g.r.RouteDefinitionRouteLocator    : Loaded RoutePredicateFactory [Path]
16:53:24:366  INFO 8028 --- [main] o.s.c.g.r.RouteDefinitionRouteLocator    : Loaded RoutePredicateFactory [Query]
16:53:24:366  INFO 8028 --- [main] o.s.c.g.r.RouteDefinitionRouteLocator    : Loaded RoutePredicateFactory [ReadBody]
16:53:24:366  INFO 8028 --- [main] o.s.c.g.r.RouteDefinitionRouteLocator    : Loaded RoutePredicateFactory [RemoteAddr]
16:53:24:367  INFO 8028 --- [main] o.s.c.g.r.RouteDefinitionRouteLocator    : Loaded RoutePredicateFactory [XForwardedRemoteAddr]
16:53:24:367  INFO 8028 --- [main] o.s.c.g.r.RouteDefinitionRouteLocator    : Loaded RoutePredicateFactory [Weight]
16:53:24:367  INFO 8028 --- [main] o.s.c.g.r.RouteDefinitionRouteLocator    : Loaded RoutePredicateFactory [CloudFoundryRouteService]
16:53:24:533  INFO 8028 --- [main] c.a.c.s.SentinelWebFluxAutoConfiguration : [Sentinel Starter] register Sentinel SentinelWebFluxFilter
16:53:26:187  INFO 8028 --- [main] com.alibaba.nacos.common.remote.client   : [RpcClientFactory] create a new rpc client of cea02d11-67c4-458a-a962-3567cabe38f8
16:53:26:188  INFO 8028 --- [main] com.alibaba.nacos.common.remote.client   : [cea02d11-67c4-458a-a962-3567cabe38f8] RpcClient init label, labels = {module=naming, source=sdk}
16:53:26:190  INFO 8028 --- [main] com.alibaba.nacos.common.remote.client   : [cea02d11-67c4-458a-a962-3567cabe38f8] RpcClient init, ServerListFactory = com.alibaba.nacos.client.naming.core.ServerListManager
16:53:26:190  INFO 8028 --- [main] com.alibaba.nacos.common.remote.client   : [cea02d11-67c4-458a-a962-3567cabe38f8] Registry connection listener to current client:com.alibaba.nacos.client.naming.remote.gprc.redo.NamingGrpcRedoService
16:53:26:191  INFO 8028 --- [main] com.alibaba.nacos.common.remote.client   : [cea02d11-67c4-458a-a962-3567cabe38f8] Register server push request handler:com.alibaba.nacos.client.naming.remote.gprc.NamingPushRequestHandler
16:53:26:191  INFO 8028 --- [main] com.alibaba.nacos.common.remote.client   : [cea02d11-67c4-458a-a962-3567cabe38f8] Try to connect to server on start up, server: {serverIp = '192.168.32.137', server main port = 8848}
16:53:26:313  INFO 8028 --- [main] com.alibaba.nacos.common.remote.client   : [cea02d11-67c4-458a-a962-3567cabe38f8] Success to connect to server [192.168.32.137:8848] on start up, connectionId = 1738898380791_192.168.32.1_21960
16:53:26:313  INFO 8028 --- [main] com.alibaba.nacos.common.remote.client   : [cea02d11-67c4-458a-a962-3567cabe38f8] Register server push request handler:com.alibaba.nacos.common.remote.client.RpcClient$ConnectResetRequestHandler
16:53:26:313  INFO 8028 --- [com.alibaba.nacos.client.remote.worker] com.alibaba.nacos.common.remote.client   : [cea02d11-67c4-458a-a962-3567cabe38f8] Notify connected event to listeners.
16:53:26:313  INFO 8028 --- [main] com.alibaba.nacos.common.remote.client   : [cea02d11-67c4-458a-a962-3567cabe38f8] Register server push request handler:com.alibaba.nacos.common.remote.client.RpcClient$$Lambda$461/0x0000000800446440
16:53:26:811  INFO 8028 --- [nacos-grpc-client-executor-5] com.alibaba.nacos.common.remote.client   : [cea02d11-67c4-458a-a962-3567cabe38f8] Receive server push request, request = NotifySubscriberRequest, requestId = 71
16:53:26:819  INFO 8028 --- [nacos-grpc-client-executor-5] com.alibaba.nacos.common.remote.client   : [cea02d11-67c4-458a-a962-3567cabe38f8] Ack server push request, request = NotifySubscriberRequest, requestId = 71
16:53:27:680  INFO 8028 --- [main] o.s.b.web.embedded.netty.NettyWebServer  : Netty started on port 8080
16:53:31:079  INFO 8028 --- [main] c.a.c.n.registry.NacosServiceRegistry    : nacos registry, DEFAULT_GROUP gateway-service 192.168.0.105:8080 register finished
16:53:31:129  INFO 8028 --- [main] com.hmall.gateway.GatewayApplication     : Started GatewayApplication in 20.446 seconds (JVM running for 23.134)
16:53:31:138  INFO 8028 --- [main] c.a.c.n.refresh.NacosContextRefresher    : [Nacos Config] Listening config: dataId=gateway-service, group=DEFAULT_GROUP
16:53:31:142  INFO 8028 --- [main] c.a.c.n.refresh.NacosContextRefresher    : [Nacos Config] Listening config: dataId=gateway-service.yaml, group=DEFAULT_GROUP
16:53:31:566  INFO 8028 --- [nacos-grpc-client-executor-10] com.alibaba.nacos.common.remote.client   : [cea02d11-67c4-458a-a962-3567cabe38f8] Receive server push request, request = NotifySubscriberRequest, requestId = 72
16:53:31:574  INFO 8028 --- [nacos-grpc-client-executor-10] com.alibaba.nacos.common.remote.client   : [cea02d11-67c4-458a-a962-3567cabe38f8] Ack server push request, request = NotifySubscriberRequest, requestId = 72
17:26:17:428  INFO 8028 --- [nacos-grpc-client-executor-413] com.alibaba.nacos.common.remote.client   : [cea02d11-67c4-458a-a962-3567cabe38f8] Receive server push request, request = NotifySubscriberRequest, requestId = 94
17:26:17:429  INFO 8028 --- [nacos-grpc-client-executor-413] com.alibaba.nacos.common.remote.client   : [cea02d11-67c4-458a-a962-3567cabe38f8] Ack server push request, request = NotifySubscriberRequest, requestId = 94
17:26:19:828  INFO 8028 --- [nacos-grpc-client-executor-416] com.alibaba.nacos.common.remote.client   : [cea02d11-67c4-458a-a962-3567cabe38f8] Receive server push request, request = NotifySubscriberRequest, requestId = 95
17:26:19:829  INFO 8028 --- [nacos-grpc-client-executor-416] com.alibaba.nacos.common.remote.client   : [cea02d11-67c4-458a-a962-3567cabe38f8] Ack server push request, request = NotifySubscriberRequest, requestId = 95
17:26:25:520  INFO 8028 --- [nacos-grpc-client-executor-419] com.alibaba.nacos.common.remote.client   : [cea02d11-67c4-458a-a962-3567cabe38f8] Receive server push request, request = NotifySubscriberRequest, requestId = 97
17:26:25:520  INFO 8028 --- [nacos-grpc-client-executor-419] com.alibaba.nacos.common.remote.client   : [cea02d11-67c4-458a-a962-3567cabe38f8] Ack server push request, request = NotifySubscriberRequest, requestId = 97
17:26:51:794  INFO 8028 --- [nacos-grpc-client-executor-426] com.alibaba.nacos.common.remote.client   : [cea02d11-67c4-458a-a962-3567cabe38f8] Receive server push request, request = NotifySubscriberRequest, requestId = 100
17:26:51:795  INFO 8028 --- [nacos-grpc-client-executor-426] com.alibaba.nacos.common.remote.client   : [cea02d11-67c4-458a-a962-3567cabe38f8] Ack server push request, request = NotifySubscriberRequest, requestId = 100
17:28:27:026  INFO 8028 --- [nacos-grpc-client-executor-448] com.alibaba.nacos.common.remote.client   : [cea02d11-67c4-458a-a962-3567cabe38f8] Receive server push request, request = NotifySubscriberRequest, requestId = 103
17:28:27:027  INFO 8028 --- [nacos-grpc-client-executor-448] com.alibaba.nacos.common.remote.client   : [cea02d11-67c4-458a-a962-3567cabe38f8] Ack server push request, request = NotifySubscriberRequest, requestId = 103
17:48:16:885  INFO 26796 --- [main] com.hmall.gateway.GatewayApplication     : No active profile set, falling back to 1 default profile: "default"
17:48:18:328  INFO 26796 --- [main] o.s.cloud.context.scope.GenericScope     : BeanFactory id=dafdc53d-3a0c-371b-b82c-be59151bf8b3
17:48:18:675  INFO 26796 --- [main] trationDelegate$BeanPostProcessorChecker : Bean 'org.springframework.cloud.client.loadbalancer.reactive.LoadBalancerBeanPostProcessorAutoConfiguration' of type [org.springframework.cloud.client.loadbalancer.reactive.LoadBalancerBeanPostProcessorAutoConfiguration] is not eligible for getting processed by all BeanPostProcessors (for example: not eligible for auto-proxying)
17:48:18:677  INFO 26796 --- [main] trationDelegate$BeanPostProcessorChecker : Bean 'org.springframework.cloud.client.loadbalancer.reactive.LoadBalancerBeanPostProcessorAutoConfiguration$ReactorDeferringLoadBalancerFilterConfig' of type [org.springframework.cloud.client.loadbalancer.reactive.LoadBalancerBeanPostProcessorAutoConfiguration$ReactorDeferringLoadBalancerFilterConfig] is not eligible for getting processed by all BeanPostProcessors (for example: not eligible for auto-proxying)
17:48:18:679  INFO 26796 --- [main] trationDelegate$BeanPostProcessorChecker : Bean 'reactorDeferringLoadBalancerExchangeFilterFunction' of type [org.springframework.cloud.client.loadbalancer.reactive.DeferringLoadBalancerExchangeFilterFunction] is not eligible for getting processed by all BeanPostProcessors (for example: not eligible for auto-proxying)
17:48:19:618 DEBUG 26796 --- [main] c.h.gateway.route.DynamicRouteLoader     : 监听到路由配置变更，[
  {
    "id": "item",
    "predicates": [{
      "name": "Path",
      "args": {"_genkey_0":"/items/**", "_genkey_1":"/search/**"}
    }],
    "filters": [],
    "uri": "lb://item-service"
  },
  {
    "id": "cart",
    "predicates": [{
      "name": "Path",
      "args": {"_genkey_0":"/carts/**"}
    }],
    "filters": [],
    "uri": "lb://cart-service"
  },
  {
    "id": "user",
    "predicates": [{
      "name": "Path",
      "args": {"_genkey_0":"/users/**", "_genkey_1":"/addresses/**"}
    }],
    "filters": [],
    "uri": "lb://user-service"
  },
  {
    "id": "trade",
    "predicates": [{
      "name": "Path",
      "args": {"_genkey_0":"/orders/**"}
    }],
    "filters": [],
    "uri": "lb://trade-service"
  },
  {
    "id": "pay",
    "predicates": [{
      "name": "Path",
      "args": {"_genkey_0":"/pay-orders/**"}
    }],
    "filters": [],
    "uri": "lb://pay-service"
  }
]
17:48:24:804  INFO 26796 --- [main] o.s.c.g.r.RouteDefinitionRouteLocator    : Loaded RoutePredicateFactory [After]
17:48:24:804  INFO 26796 --- [main] o.s.c.g.r.RouteDefinitionRouteLocator    : Loaded RoutePredicateFactory [Before]
17:48:24:805  INFO 26796 --- [main] o.s.c.g.r.RouteDefinitionRouteLocator    : Loaded RoutePredicateFactory [Between]
17:48:24:805  INFO 26796 --- [main] o.s.c.g.r.RouteDefinitionRouteLocator    : Loaded RoutePredicateFactory [Cookie]
17:48:24:805  INFO 26796 --- [main] o.s.c.g.r.RouteDefinitionRouteLocator    : Loaded RoutePredicateFactory [Header]
17:48:24:806  INFO 26796 --- [main] o.s.c.g.r.RouteDefinitionRouteLocator    : Loaded RoutePredicateFactory [Host]
17:48:24:806  INFO 26796 --- [main] o.s.c.g.r.RouteDefinitionRouteLocator    : Loaded RoutePredicateFactory [Method]
17:48:24:806  INFO 26796 --- [main] o.s.c.g.r.RouteDefinitionRouteLocator    : Loaded RoutePredicateFactory [Path]
17:48:24:806  INFO 26796 --- [main] o.s.c.g.r.RouteDefinitionRouteLocator    : Loaded RoutePredicateFactory [Query]
17:48:24:806  INFO 26796 --- [main] o.s.c.g.r.RouteDefinitionRouteLocator    : Loaded RoutePredicateFactory [ReadBody]
17:48:24:807  INFO 26796 --- [main] o.s.c.g.r.RouteDefinitionRouteLocator    : Loaded RoutePredicateFactory [RemoteAddr]
17:48:24:807  INFO 26796 --- [main] o.s.c.g.r.RouteDefinitionRouteLocator    : Loaded RoutePredicateFactory [XForwardedRemoteAddr]
17:48:24:807  INFO 26796 --- [main] o.s.c.g.r.RouteDefinitionRouteLocator    : Loaded RoutePredicateFactory [Weight]
17:48:24:807  INFO 26796 --- [main] o.s.c.g.r.RouteDefinitionRouteLocator    : Loaded RoutePredicateFactory [CloudFoundryRouteService]
17:48:25:097  INFO 26796 --- [main] c.a.c.s.SentinelWebFluxAutoConfiguration : [Sentinel Starter] register Sentinel SentinelWebFluxFilter
17:48:27:240  INFO 26796 --- [main] com.alibaba.nacos.common.remote.client   : [RpcClientFactory] create a new rpc client of f9ebfbda-77d1-432c-9fa0-f323e480a5cd
17:48:27:240  INFO 26796 --- [main] com.alibaba.nacos.common.remote.client   : [f9ebfbda-77d1-432c-9fa0-f323e480a5cd] RpcClient init label, labels = {module=naming, source=sdk}
17:48:27:245  INFO 26796 --- [main] com.alibaba.nacos.common.remote.client   : [f9ebfbda-77d1-432c-9fa0-f323e480a5cd] RpcClient init, ServerListFactory = com.alibaba.nacos.client.naming.core.ServerListManager
17:48:27:247  INFO 26796 --- [main] com.alibaba.nacos.common.remote.client   : [f9ebfbda-77d1-432c-9fa0-f323e480a5cd] Registry connection listener to current client:com.alibaba.nacos.client.naming.remote.gprc.redo.NamingGrpcRedoService
17:48:27:248  INFO 26796 --- [main] com.alibaba.nacos.common.remote.client   : [f9ebfbda-77d1-432c-9fa0-f323e480a5cd] Register server push request handler:com.alibaba.nacos.client.naming.remote.gprc.NamingPushRequestHandler
17:48:27:249  INFO 26796 --- [main] com.alibaba.nacos.common.remote.client   : [f9ebfbda-77d1-432c-9fa0-f323e480a5cd] Try to connect to server on start up, server: {serverIp = '192.168.32.137', server main port = 8848}
17:48:27:376  INFO 26796 --- [main] com.alibaba.nacos.common.remote.client   : [f9ebfbda-77d1-432c-9fa0-f323e480a5cd] Success to connect to server [192.168.32.137:8848] on start up, connectionId = 1738901956954_192.168.32.1_30679
17:48:27:376  INFO 26796 --- [main] com.alibaba.nacos.common.remote.client   : [f9ebfbda-77d1-432c-9fa0-f323e480a5cd] Register server push request handler:com.alibaba.nacos.common.remote.client.RpcClient$ConnectResetRequestHandler
17:48:27:377  INFO 26796 --- [main] com.alibaba.nacos.common.remote.client   : [f9ebfbda-77d1-432c-9fa0-f323e480a5cd] Register server push request handler:com.alibaba.nacos.common.remote.client.RpcClient$$Lambda$461/0x000000080043c440
17:48:27:376  INFO 26796 --- [com.alibaba.nacos.client.remote.worker] com.alibaba.nacos.common.remote.client   : [f9ebfbda-77d1-432c-9fa0-f323e480a5cd] Notify connected event to listeners.
17:48:27:885  INFO 26796 --- [nacos-grpc-client-executor-5] com.alibaba.nacos.common.remote.client   : [f9ebfbda-77d1-432c-9fa0-f323e480a5cd] Receive server push request, request = NotifySubscriberRequest, requestId = 107
17:48:27:889  INFO 26796 --- [nacos-grpc-client-executor-5] com.alibaba.nacos.common.remote.client   : [f9ebfbda-77d1-432c-9fa0-f323e480a5cd] Ack server push request, request = NotifySubscriberRequest, requestId = 107
17:48:28:936  INFO 26796 --- [main] o.s.b.web.embedded.netty.NettyWebServer  : Netty started on port 8080
17:48:32:681  INFO 26796 --- [main] c.a.c.n.registry.NacosServiceRegistry    : nacos registry, DEFAULT_GROUP gateway-service 192.168.0.105:8080 register finished
17:48:32:712  INFO 26796 --- [main] com.hmall.gateway.GatewayApplication     : Started GatewayApplication in 24.467 seconds (JVM running for 26.298)
17:48:32:721  INFO 26796 --- [main] c.a.c.n.refresh.NacosContextRefresher    : [Nacos Config] Listening config: dataId=gateway-service, group=DEFAULT_GROUP
17:48:32:724  INFO 26796 --- [main] c.a.c.n.refresh.NacosContextRefresher    : [Nacos Config] Listening config: dataId=gateway-service.yaml, group=DEFAULT_GROUP
17:48:33:173  INFO 26796 --- [nacos-grpc-client-executor-9] com.alibaba.nacos.common.remote.client   : [f9ebfbda-77d1-432c-9fa0-f323e480a5cd] Receive server push request, request = NotifySubscriberRequest, requestId = 108
17:48:33:180  INFO 26796 --- [nacos-grpc-client-executor-9] com.alibaba.nacos.common.remote.client   : [f9ebfbda-77d1-432c-9fa0-f323e480a5cd] Ack server push request, request = NotifySubscriberRequest, requestId = 108
17:52:45:396  INFO 26796 --- [nacos-grpc-client-executor-63] com.alibaba.nacos.common.remote.client   : [f9ebfbda-77d1-432c-9fa0-f323e480a5cd] Receive server push request, request = NotifySubscriberRequest, requestId = 115
17:52:45:396  INFO 26796 --- [nacos-grpc-client-executor-63] com.alibaba.nacos.common.remote.client   : [f9ebfbda-77d1-432c-9fa0-f323e480a5cd] Ack server push request, request = NotifySubscriberRequest, requestId = 115
17:53:46:363  INFO 26796 --- [nacos-grpc-client-executor-79] com.alibaba.nacos.common.remote.client   : [f9ebfbda-77d1-432c-9fa0-f323e480a5cd] Receive server push request, request = NotifySubscriberRequest, requestId = 116
17:53:46:364  INFO 26796 --- [nacos-grpc-client-executor-79] com.alibaba.nacos.common.remote.client   : [f9ebfbda-77d1-432c-9fa0-f323e480a5cd] Ack server push request, request = NotifySubscriberRequest, requestId = 116
20:29:13:250  INFO 16624 --- [main] com.hmall.gateway.GatewayApplication     : No active profile set, falling back to 1 default profile: "default"
20:29:14:669  INFO 16624 --- [main] o.s.cloud.context.scope.GenericScope     : BeanFactory id=dafdc53d-3a0c-371b-b82c-be59151bf8b3
20:29:15:089  INFO 16624 --- [main] trationDelegate$BeanPostProcessorChecker : Bean 'org.springframework.cloud.client.loadbalancer.reactive.LoadBalancerBeanPostProcessorAutoConfiguration' of type [org.springframework.cloud.client.loadbalancer.reactive.LoadBalancerBeanPostProcessorAutoConfiguration] is not eligible for getting processed by all BeanPostProcessors (for example: not eligible for auto-proxying)
20:29:15:091  INFO 16624 --- [main] trationDelegate$BeanPostProcessorChecker : Bean 'org.springframework.cloud.client.loadbalancer.reactive.LoadBalancerBeanPostProcessorAutoConfiguration$ReactorDeferringLoadBalancerFilterConfig' of type [org.springframework.cloud.client.loadbalancer.reactive.LoadBalancerBeanPostProcessorAutoConfiguration$ReactorDeferringLoadBalancerFilterConfig] is not eligible for getting processed by all BeanPostProcessors (for example: not eligible for auto-proxying)
20:29:15:096  INFO 16624 --- [main] trationDelegate$BeanPostProcessorChecker : Bean 'reactorDeferringLoadBalancerExchangeFilterFunction' of type [org.springframework.cloud.client.loadbalancer.reactive.DeferringLoadBalancerExchangeFilterFunction] is not eligible for getting processed by all BeanPostProcessors (for example: not eligible for auto-proxying)
20:29:16:790 DEBUG 16624 --- [main] c.h.gateway.route.DynamicRouteLoader     : 监听到路由配置变更，[
  {
    "id": "item",
    "predicates": [{
      "name": "Path",
      "args": {"_genkey_0":"/items/**", "_genkey_1":"/search/**"}
    }],
    "filters": [],
    "uri": "lb://item-service"
  },
  {
    "id": "cart",
    "predicates": [{
      "name": "Path",
      "args": {"_genkey_0":"/carts/**"}
    }],
    "filters": [],
    "uri": "lb://cart-service"
  },
  {
    "id": "user",
    "predicates": [{
      "name": "Path",
      "args": {"_genkey_0":"/users/**", "_genkey_1":"/addresses/**"}
    }],
    "filters": [],
    "uri": "lb://user-service"
  },
  {
    "id": "trade",
    "predicates": [{
      "name": "Path",
      "args": {"_genkey_0":"/orders/**"}
    }],
    "filters": [],
    "uri": "lb://trade-service"
  },
  {
    "id": "pay",
    "predicates": [{
      "name": "Path",
      "args": {"_genkey_0":"/pay-orders/**"}
    }],
    "filters": [],
    "uri": "lb://pay-service"
  }
]
20:29:21:929  INFO 16624 --- [main] o.s.c.g.r.RouteDefinitionRouteLocator    : Loaded RoutePredicateFactory [After]
20:29:21:929  INFO 16624 --- [main] o.s.c.g.r.RouteDefinitionRouteLocator    : Loaded RoutePredicateFactory [Before]
20:29:21:930  INFO 16624 --- [main] o.s.c.g.r.RouteDefinitionRouteLocator    : Loaded RoutePredicateFactory [Between]
20:29:21:930  INFO 16624 --- [main] o.s.c.g.r.RouteDefinitionRouteLocator    : Loaded RoutePredicateFactory [Cookie]
20:29:21:930  INFO 16624 --- [main] o.s.c.g.r.RouteDefinitionRouteLocator    : Loaded RoutePredicateFactory [Header]
20:29:21:930  INFO 16624 --- [main] o.s.c.g.r.RouteDefinitionRouteLocator    : Loaded RoutePredicateFactory [Host]
20:29:21:931  INFO 16624 --- [main] o.s.c.g.r.RouteDefinitionRouteLocator    : Loaded RoutePredicateFactory [Method]
20:29:21:931  INFO 16624 --- [main] o.s.c.g.r.RouteDefinitionRouteLocator    : Loaded RoutePredicateFactory [Path]
20:29:21:931  INFO 16624 --- [main] o.s.c.g.r.RouteDefinitionRouteLocator    : Loaded RoutePredicateFactory [Query]
20:29:21:931  INFO 16624 --- [main] o.s.c.g.r.RouteDefinitionRouteLocator    : Loaded RoutePredicateFactory [ReadBody]
20:29:21:931  INFO 16624 --- [main] o.s.c.g.r.RouteDefinitionRouteLocator    : Loaded RoutePredicateFactory [RemoteAddr]
20:29:21:931  INFO 16624 --- [main] o.s.c.g.r.RouteDefinitionRouteLocator    : Loaded RoutePredicateFactory [XForwardedRemoteAddr]
20:29:21:932  INFO 16624 --- [main] o.s.c.g.r.RouteDefinitionRouteLocator    : Loaded RoutePredicateFactory [Weight]
20:29:21:932  INFO 16624 --- [main] o.s.c.g.r.RouteDefinitionRouteLocator    : Loaded RoutePredicateFactory [CloudFoundryRouteService]
20:29:22:184  INFO 16624 --- [main] c.a.c.s.SentinelWebFluxAutoConfiguration : [Sentinel Starter] register Sentinel SentinelWebFluxFilter
20:29:24:194  INFO 16624 --- [main] com.alibaba.nacos.common.remote.client   : [RpcClientFactory] create a new rpc client of 60895a18-59ff-4ba5-ab28-ec6dafc9b1aa
20:29:24:196  INFO 16624 --- [main] com.alibaba.nacos.common.remote.client   : [60895a18-59ff-4ba5-ab28-ec6dafc9b1aa] RpcClient init label, labels = {module=naming, source=sdk}
20:29:24:201  INFO 16624 --- [main] com.alibaba.nacos.common.remote.client   : [60895a18-59ff-4ba5-ab28-ec6dafc9b1aa] RpcClient init, ServerListFactory = com.alibaba.nacos.client.naming.core.ServerListManager
20:29:24:202  INFO 16624 --- [main] com.alibaba.nacos.common.remote.client   : [60895a18-59ff-4ba5-ab28-ec6dafc9b1aa] Registry connection listener to current client:com.alibaba.nacos.client.naming.remote.gprc.redo.NamingGrpcRedoService
20:29:24:203  INFO 16624 --- [main] com.alibaba.nacos.common.remote.client   : [60895a18-59ff-4ba5-ab28-ec6dafc9b1aa] Register server push request handler:com.alibaba.nacos.client.naming.remote.gprc.NamingPushRequestHandler
20:29:24:205  INFO 16624 --- [main] com.alibaba.nacos.common.remote.client   : [60895a18-59ff-4ba5-ab28-ec6dafc9b1aa] Try to connect to server on start up, server: {serverIp = '192.168.32.137', server main port = 8848}
20:29:24:335  INFO 16624 --- [main] com.alibaba.nacos.common.remote.client   : [60895a18-59ff-4ba5-ab28-ec6dafc9b1aa] Success to connect to server [192.168.32.137:8848] on start up, connectionId = 1738904361806_192.168.32.1_19793
20:29:24:335  INFO 16624 --- [main] com.alibaba.nacos.common.remote.client   : [60895a18-59ff-4ba5-ab28-ec6dafc9b1aa] Register server push request handler:com.alibaba.nacos.common.remote.client.RpcClient$ConnectResetRequestHandler
20:29:24:335  INFO 16624 --- [main] com.alibaba.nacos.common.remote.client   : [60895a18-59ff-4ba5-ab28-ec6dafc9b1aa] Register server push request handler:com.alibaba.nacos.common.remote.client.RpcClient$$Lambda$461/0x0000000800446440
20:29:24:335  INFO 16624 --- [com.alibaba.nacos.client.remote.worker] com.alibaba.nacos.common.remote.client   : [60895a18-59ff-4ba5-ab28-ec6dafc9b1aa] Notify connected event to listeners.
20:29:24:863  INFO 16624 --- [nacos-grpc-client-executor-5] com.alibaba.nacos.common.remote.client   : [60895a18-59ff-4ba5-ab28-ec6dafc9b1aa] Receive server push request, request = NotifySubscriberRequest, requestId = 134
20:29:24:868  INFO 16624 --- [nacos-grpc-client-executor-5] com.alibaba.nacos.common.remote.client   : [60895a18-59ff-4ba5-ab28-ec6dafc9b1aa] Ack server push request, request = NotifySubscriberRequest, requestId = 134
20:29:25:864  INFO 16624 --- [main] o.s.b.web.embedded.netty.NettyWebServer  : Netty started on port 8080
20:29:29:198  INFO 16624 --- [main] c.a.c.n.registry.NacosServiceRegistry    : nacos registry, DEFAULT_GROUP gateway-service 192.168.0.105:8080 register finished
20:29:29:221  INFO 16624 --- [main] com.hmall.gateway.GatewayApplication     : Started GatewayApplication in 25.518 seconds (JVM running for 27.297)
20:29:29:224  INFO 16624 --- [main] c.a.c.n.refresh.NacosContextRefresher    : [Nacos Config] Listening config: dataId=gateway-service, group=DEFAULT_GROUP
20:29:29:227  INFO 16624 --- [main] c.a.c.n.refresh.NacosContextRefresher    : [Nacos Config] Listening config: dataId=gateway-service.yaml, group=DEFAULT_GROUP
20:29:29:659  INFO 16624 --- [nacos-grpc-client-executor-10] com.alibaba.nacos.common.remote.client   : [60895a18-59ff-4ba5-ab28-ec6dafc9b1aa] Receive server push request, request = NotifySubscriberRequest, requestId = 135
20:29:29:666  INFO 16624 --- [nacos-grpc-client-executor-10] com.alibaba.nacos.common.remote.client   : [60895a18-59ff-4ba5-ab28-ec6dafc9b1aa] Ack server push request, request = NotifySubscriberRequest, requestId = 135
20:35:06:091  INFO 16624 --- [nacos-grpc-client-executor-81] com.alibaba.nacos.common.remote.client   : [60895a18-59ff-4ba5-ab28-ec6dafc9b1aa] Receive server push request, request = NotifySubscriberRequest, requestId = 142
20:35:06:093  INFO 16624 --- [nacos-grpc-client-executor-81] com.alibaba.nacos.common.remote.client   : [60895a18-59ff-4ba5-ab28-ec6dafc9b1aa] Ack server push request, request = NotifySubscriberRequest, requestId = 142
